# JRE version: OpenJDK Runtime Environment (8.0_112-b06) (build 1.8.0_112-release-b06)
# Java VM: OpenJDK 64-Bit Server VM (25.112-b06 mixed mode windows-amd64 compressed oops)
Heap:
 PSYoungGen      total 152576K, used 57841K [0x00000000e0000000, 0x00000000ebf00000, 0x0000000100000000)
  eden space 139776K, 32% used [0x00000000e0000000,0x00000000e2bff7d8,0x00000000e8880000)
  from space 12800K, 99% used [0x00000000e8880000,0x00000000e94fcc90,0x00000000e9500000)
  to   space 17408K, 0% used [0x00000000eae00000,0x00000000eae00000,0x00000000ebf00000)
 ParOldGen       total 104448K, used 26184K [0x00000000a0000000, 0x00000000a6600000, 0x00000000e0000000)
  object space 104448K, 25% used [0x00000000a0000000,0x00000000a1992280,0x00000000a6600000)
 Metaspace       used 55622K, capacity 57232K, committed 57600K, reserved 1099776K
  class space    used 7439K, capacity 7817K, committed 7936K, reserved 1048576K
GC Heap History (10 events):
Event: 6.399 GC heap before
{Heap before GC invocations=7 (full 1):
 PSYoungGen      total 71680K, used 71669K [0x00000000e0000000, 0x00000000e7580000, 0x0000000100000000)
  eden space 66560K, 100% used [0x00000000e0000000,0x00000000e4100000,0x00000000e4100000)
  from space 5120K, 99% used [0x00000000e4100000,0x00000000e45fd5e8,0x00000000e4600000)
  to   space 11264K, 0% used [0x00000000e6a80000,0x00000000e6a80000,0x00000000e7580000)
 ParOldGen       total 65024K, used 12394K [0x00000000a0000000, 0x00000000a3f80000, 0x00000000e0000000)
  object space 65024K, 19% used [0x00000000a0000000,0x00000000a0c1aae8,0x00000000a3f80000)
 Metaspace       used 29558K, capacity 29986K, committed 30336K, reserved 1075200K
  class space    used 4002K, capacity 4127K, committed 4224K, reserved 1048576K
Event: 6.415 GC heap after
Heap after GC invocations=7 (full 1):
 PSYoungGen      total 104960K, used 6809K [0x00000000e0000000, 0x00000000e7300000, 0x0000000100000000)
  eden space 96256K, 0% used [0x00000000e0000000,0x00000000e0000000,0x00000000e5e00000)
  from space 8704K, 78% used [0x00000000e6a80000,0x00000000e71264b8,0x00000000e7300000)
  to   space 10752K, 0% used [0x00000000e5e00000,0x00000000e5e00000,0x00000000e6880000)
 ParOldGen       total 65024K, used 12466K [0x00000000a0000000, 0x00000000a3f80000, 0x00000000e0000000)
  object space 65024K, 19% used [0x00000000a0000000,0x00000000a0c2caf8,0x00000000a3f80000)
 Metaspace       used 29558K, capacity 29986K, committed 30336K, reserved 1075200K
  class space    used 4002K, capacity 4127K, committed 4224K, reserved 1048576K
}
Event: 7.514 GC heap before
{Heap before GC invocations=8 (full 1):
 PSYoungGen      total 104960K, used 78278K [0x00000000e0000000, 0x00000000e7300000, 0x0000000100000000)
  eden space 96256K, 74% used [0x00000000e0000000,0x00000000e45cb4e8,0x00000000e5e00000)
  from space 8704K, 78% used [0x00000000e6a80000,0x00000000e71264b8,0x00000000e7300000)
  to   space 10752K, 0% used [0x00000000e5e00000,0x00000000e5e00000,0x00000000e6880000)
 ParOldGen       total 65024K, used 12466K [0x00000000a0000000, 0x00000000a3f80000, 0x00000000e0000000)
  object space 65024K, 19% used [0x00000000a0000000,0x00000000a0c2caf8,0x00000000a3f80000)
 Metaspace       used 34828K, capacity 35380K, committed 35496K, reserved 1079296K
  class space    used 4650K, capacity 4822K, committed 4864K, reserved 1048576K
Event: 7.544 GC heap after
Heap after GC invocations=8 (full 1):
 PSYoungGen      total 107008K, used 10726K [0x00000000e0000000, 0x00000000ea380000, 0x0000000100000000)
  eden space 96256K, 0% used [0x00000000e0000000,0x00000000e0000000,0x00000000e5e00000)
  from space 10752K, 99% used [0x00000000e5e00000,0x00000000e6879bb8,0x00000000e6880000)
  to   space 12288K, 0% used [0x00000000e9780000,0x00000000e9780000,0x00000000ea380000)
 ParOldGen       total 65024K, used 13420K [0x00000000a0000000, 0x00000000a3f80000, 0x00000000e0000000)
  object space 65024K, 20% used [0x00000000a0000000,0x00000000a0d1b3d0,0x00000000a3f80000)
 Metaspace       used 34828K, capacity 35380K, committed 35496K, reserved 1079296K
  class space    used 4650K, capacity 4822K, committed 4864K, reserved 1048576K
}
Event: 7.544 GC heap before
{Heap before GC invocations=9 (full 2):
 PSYoungGen      total 107008K, used 10726K [0x00000000e0000000, 0x00000000ea380000, 0x0000000100000000)
  eden space 96256K, 0% used [0x00000000e0000000,0x00000000e0000000,0x00000000e5e00000)
  from space 10752K, 99% used [0x00000000e5e00000,0x00000000e6879bb8,0x00000000e6880000)
  to   space 12288K, 0% used [0x00000000e9780000,0x00000000e9780000,0x00000000ea380000)
 ParOldGen       total 65024K, used 13420K [0x00000000a0000000, 0x00000000a3f80000, 0x00000000e0000000)
  object space 65024K, 20% used [0x00000000a0000000,0x00000000a0d1b3d0,0x00000000a3f80000)
 Metaspace       used 34828K, capacity 35380K, committed 35496K, reserved 1079296K
  class space    used 4650K, capacity 4822K, committed 4864K, reserved 1048576K
Event: 7.698 GC heap after
Heap after GC invocations=9 (full 2):
 PSYoungGen      total 107008K, used 0K [0x00000000e0000000, 0x00000000ea380000, 0x0000000100000000)
  eden space 96256K, 0% used [0x00000000e0000000,0x00000000e0000000,0x00000000e5e00000)
  from space 10752K, 0% used [0x00000000e5e00000,0x00000000e5e00000,0x00000000e6880000)
  to   space 12288K, 0% used [0x00000000e9780000,0x00000000e9780000,0x00000000ea380000)
 ParOldGen       total 104448K, used 18194K [0x00000000a0000000, 0x00000000a6600000, 0x00000000e0000000)
  object space 104448K, 17% used [0x00000000a0000000,0x00000000a11c4950,0x00000000a6600000)
 Metaspace       used 34828K, capacity 35380K, committed 35496K, reserved 1079296K
  class space    used 4650K, capacity 4822K, committed 4864K, reserved 1048576K
}
Event: 9.193 GC heap before
{Heap before GC invocations=10 (full 2):
 PSYoungGen      total 107008K, used 96256K [0x00000000e0000000, 0x00000000ea380000, 0x0000000100000000)
  eden space 96256K, 100% used [0x00000000e0000000,0x00000000e5e00000,0x00000000e5e00000)
  from space 10752K, 0% used [0x00000000e5e00000,0x00000000e5e00000,0x00000000e6880000)
  to   space 12288K, 0% used [0x00000000e9780000,0x00000000e9780000,0x00000000ea380000)
 ParOldGen       total 104448K, used 18194K [0x00000000a0000000, 0x00000000a6600000, 0x00000000e0000000)
  object space 104448K, 17% used [0x00000000a0000000,0x00000000a11c4950,0x00000000a6600000)
 Metaspace       used 42376K, capacity 43194K, committed 43264K, reserved 1087488K
  class space    used 5664K, capacity 5866K, committed 5888K, reserved 1048576K
Event: 9.207 GC heap after
Heap after GC invocations=10 (full 2):
 PSYoungGen      total 140800K, used 9933K [0x00000000e0000000, 0x00000000ea180000, 0x0000000100000000)
  eden space 130560K, 0% used [0x00000000e0000000,0x00000000e0000000,0x00000000e7f80000)
  from space 10240K, 97% used [0x00000000e9780000,0x00000000ea1337b8,0x00000000ea180000)
  to   space 12800K, 0% used [0x00000000e8880000,0x00000000e8880000,0x00000000e9500000)
 ParOldGen       total 104448K, used 18202K [0x00000000a0000000, 0x00000000a6600000, 0x00000000e0000000)
  object space 104448K, 17% used [0x00000000a0000000,0x00000000a11c6950,0x00000000a6600000)
 Metaspace       used 42376K, capacity 43194K, committed 43264K, reserved 1087488K
  class space    used 5664K, capacity 5866K, committed 5888K, reserved 1048576K
}
Event: 11.876 GC heap before
{Heap before GC invocations=11 (full 2):
 PSYoungGen      total 140800K, used 140493K [0x00000000e0000000, 0x00000000ea180000, 0x0000000100000000)
  eden space 130560K, 100% used [0x00000000e0000000,0x00000000e7f80000,0x00000000e7f80000)
  from space 10240K, 97% used [0x00000000e9780000,0x00000000ea1337b8,0x00000000ea180000)
  to   space 12800K, 0% used [0x00000000e8880000,0x00000000e8880000,0x00000000e9500000)
 ParOldGen       total 104448K, used 18202K [0x00000000a0000000, 0x00000000a6600000, 0x00000000e0000000)
  object space 104448K, 17% used [0x00000000a0000000,0x00000000a11c6950,0x00000000a6600000)
 Metaspace       used 52374K, capacity 54000K, committed 54144K, reserved 1095680K
  class space    used 7127K, capacity 7465K, committed 7552K, reserved 1048576K
Event: 11.940 GC heap after
Heap after GC invocations=11 (full 2):
 PSYoungGen      total 152576K, used 12787K [0x00000000e0000000, 0x00000000ebf00000, 0x0000000100000000)
  eden space 139776K, 0% used [0x00000000e0000000,0x00000000e0000000,0x00000000e8880000)
  from space 12800K, 99% used [0x00000000e8880000,0x00000000e94fcc90,0x00000000e9500000)
  to   space 17408K, 0% used [0x00000000eae00000,0x00000000eae00000,0x00000000ebf00000)
 ParOldGen       total 104448K, used 26184K [0x00000000a0000000, 0x00000000a6600000, 0x00000000e0000000)
  object space 104448K, 25% used [0x00000000a0000000,0x00000000a1992280,0x00000000a6600000)
 Metaspace       used 52374K, capacity 54000K, committed 54144K, reserved 1095680K
  class space    used 7127K, capacity 7465K, committed 7552K, reserved 1048576K
}

