# JRE version: OpenJDK Runtime Environment (8.0_112-b06) (build 1.8.0_112-release-b06)
# Java VM: OpenJDK 64-Bit Server VM (25.112-b06 mixed mode windows-amd64 compressed oops)
Heap:
 PSYoungGen      total 172032K, used 31108K [0x00000000e0000000, 0x00000000ece00000, 0x0000000100000000)
  eden space 154624K, 20% used [0x00000000e0000000,0x00000000e1e611c8,0x00000000e9700000)
  from space 17408K, 0% used [0x00000000eac00000,0x00000000eac00000,0x00000000ebd00000)
  to   space 21504K, 0% used [0x00000000e9700000,0x00000000e9700000,0x00000000eac00000)
 ParOldGen       total 104960K, used 41029K [0x00000000a0000000, 0x00000000a6680000, 0x00000000e0000000)
  object space 104960K, 39% used [0x00000000a0000000,0x00000000a2811720,0x00000000a6680000)
 Metaspace       used 59531K, capacity 61378K, committed 61440K, reserved 1101824K
  class space    used 7784K, capacity 8180K, committed 8192K, reserved 1048576K
GC Heap History (10 events):
Event: 7.833 GC heap before
{Heap before GC invocations=9 (full 2):
 PSYoungGen      total 108544K, used 10733K [0x00000000e0000000, 0x00000000ea780000, 0x0000000100000000)
  eden space 97792K, 0% used [0x00000000e0000000,0x00000000e0000000,0x00000000e5f80000)
  from space 10752K, 99% used [0x00000000e5f80000,0x00000000e69fb550,0x00000000e6a00000)
  to   space 12288K, 0% used [0x00000000e9b80000,0x00000000e9b80000,0x00000000ea780000)
 ParOldGen       total 65024K, used 13420K [0x00000000a0000000, 0x00000000a3f80000, 0x00000000e0000000)
  object space 65024K, 20% used [0x00000000a0000000,0x00000000a0d1b3a8,0x00000000a3f80000)
 Metaspace       used 34776K, capacity 35388K, committed 35496K, reserved 1079296K
  class space    used 4629K, capacity 4822K, committed 4864K, reserved 1048576K
Event: 7.964 GC heap after
Heap after GC invocations=9 (full 2):
 PSYoungGen      total 108544K, used 0K [0x00000000e0000000, 0x00000000ea780000, 0x0000000100000000)
  eden space 97792K, 0% used [0x00000000e0000000,0x00000000e0000000,0x00000000e5f80000)
  from space 10752K, 0% used [0x00000000e5f80000,0x00000000e5f80000,0x00000000e6a00000)
  to   space 12288K, 0% used [0x00000000e9b80000,0x00000000e9b80000,0x00000000ea780000)
 ParOldGen       total 104960K, used 18067K [0x00000000a0000000, 0x00000000a6680000, 0x00000000e0000000)
  object space 104960K, 17% used [0x00000000a0000000,0x00000000a11a4c08,0x00000000a6680000)
 Metaspace       used 34776K, capacity 35388K, committed 35496K, reserved 1079296K
  class space    used 4629K, capacity 4822K, committed 4864K, reserved 1048576K
}
Event: 9.447 GC heap before
{Heap before GC invocations=10 (full 2):
 PSYoungGen      total 108544K, used 97792K [0x00000000e0000000, 0x00000000ea780000, 0x0000000100000000)
  eden space 97792K, 100% used [0x00000000e0000000,0x00000000e5f80000,0x00000000e5f80000)
  from space 10752K, 0% used [0x00000000e5f80000,0x00000000e5f80000,0x00000000e6a00000)
  to   space 12288K, 0% used [0x00000000e9b80000,0x00000000e9b80000,0x00000000ea780000)
 ParOldGen       total 104960K, used 18067K [0x00000000a0000000, 0x00000000a6680000, 0x00000000e0000000)
  object space 104960K, 17% used [0x00000000a0000000,0x00000000a11a4c08,0x00000000a6680000)
 Metaspace       used 42443K, capacity 43234K, committed 43392K, reserved 1087488K
  class space    used 5664K, capacity 5898K, committed 6016K, reserved 1048576K
Event: 9.458 GC heap after
Heap after GC invocations=10 (full 2):
 PSYoungGen      total 142336K, used 10135K [0x00000000e0000000, 0x00000000ea580000, 0x0000000100000000)
  eden space 132096K, 0% used [0x00000000e0000000,0x00000000e0000000,0x00000000e8100000)
  from space 10240K, 98% used [0x00000000e9b80000,0x00000000ea565d38,0x00000000ea580000)
  to   space 12800K, 0% used [0x00000000e8c80000,0x00000000e8c80000,0x00000000e9900000)
 ParOldGen       total 104960K, used 18075K [0x00000000a0000000, 0x00000000a6680000, 0x00000000e0000000)
  object space 104960K, 17% used [0x00000000a0000000,0x00000000a11a6c08,0x00000000a6680000)
 Metaspace       used 42443K, capacity 43234K, committed 43392K, reserved 1087488K
  class space    used 5664K, capacity 5898K, committed 6016K, reserved 1048576K
}
Event: 12.109 GC heap before
{Heap before GC invocations=11 (full 2):
 PSYoungGen      total 142336K, used 142231K [0x00000000e0000000, 0x00000000ea580000, 0x0000000100000000)
  eden space 132096K, 100% used [0x00000000e0000000,0x00000000e8100000,0x00000000e8100000)
  from space 10240K, 98% used [0x00000000e9b80000,0x00000000ea565d38,0x00000000ea580000)
  to   space 12800K, 0% used [0x00000000e8c80000,0x00000000e8c80000,0x00000000e9900000)
 ParOldGen       total 104960K, used 18075K [0x00000000a0000000, 0x00000000a6680000, 0x00000000e0000000)
  object space 104960K, 17% used [0x00000000a0000000,0x00000000a11a6c08,0x00000000a6680000)
 Metaspace       used 50361K, capacity 51974K, committed 52096K, reserved 1093632K
  class space    used 6831K, capacity 7182K, committed 7296K, reserved 1048576K
Event: 12.132 GC heap after
Heap after GC invocations=11 (full 2):
 PSYoungGen      total 156672K, used 12783K [0x00000000e0000000, 0x00000000ebd00000, 0x0000000100000000)
  eden space 143872K, 0% used [0x00000000e0000000,0x00000000e0000000,0x00000000e8c80000)
  from space 12800K, 99% used [0x00000000e8c80000,0x00000000e98fbff0,0x00000000e9900000)
  to   space 17408K, 0% used [0x00000000eac00000,0x00000000eac00000,0x00000000ebd00000)
 ParOldGen       total 104960K, used 25446K [0x00000000a0000000, 0x00000000a6680000, 0x00000000e0000000)
  object space 104960K, 24% used [0x00000000a0000000,0x00000000a18d9ac8,0x00000000a6680000)
 Metaspace       used 50361K, capacity 51974K, committed 52096K, reserved 1093632K
  class space    used 6831K, capacity 7182K, committed 7296K, reserved 1048576K
}
Event: 72.808 GC heap before
{Heap before GC invocations=12 (full 2):
 PSYoungGen      total 156672K, used 150527K [0x00000000e0000000, 0x00000000ebd00000, 0x0000000100000000)
  eden space 143872K, 95% used [0x00000000e0000000,0x00000000e8683e38,0x00000000e8c80000)
  from space 12800K, 99% used [0x00000000e8c80000,0x00000000e98fbff0,0x00000000e9900000)
  to   space 17408K, 0% used [0x00000000eac00000,0x00000000eac00000,0x00000000ebd00000)
 ParOldGen       total 104960K, used 25446K [0x00000000a0000000, 0x00000000a6680000, 0x00000000e0000000)
  object space 104960K, 24% used [0x00000000a0000000,0x00000000a18d9ac8,0x00000000a6680000)
 Metaspace       used 57218K, capacity 59024K, committed 59136K, reserved 1099776K
  class space    used 7577K, capacity 7926K, committed 7936K, reserved 1048576K
Event: 72.847 GC heap after
Heap after GC invocations=12 (full 2):
 PSYoungGen      total 172032K, used 17408K [0x00000000e0000000, 0x00000000ece00000, 0x0000000100000000)
  eden space 154624K, 0% used [0x00000000e0000000,0x00000000e0000000,0x00000000e9700000)
  from space 17408K, 100% used [0x00000000eac00000,0x00000000ebd00000,0x00000000ebd00000)
  to   space 21504K, 0% used [0x00000000e9700000,0x00000000e9700000,0x00000000eac00000)
 ParOldGen       total 104960K, used 31073K [0x00000000a0000000, 0x00000000a6680000, 0x00000000e0000000)
  object space 104960K, 29% used [0x00000000a0000000,0x00000000a1e58470,0x00000000a6680000)
 Metaspace       used 57218K, capacity 59024K, committed 59136K, reserved 1099776K
  class space    used 7577K, capacity 7926K, committed 7936K, reserved 1048576K
}
Event: 72.847 GC heap before
{Heap before GC invocations=13 (full 3):
 PSYoungGen      total 172032K, used 17408K [0x00000000e0000000, 0x00000000ece00000, 0x0000000100000000)
  eden space 154624K, 0% used [0x00000000e0000000,0x00000000e0000000,0x00000000e9700000)
  from space 17408K, 100% used [0x00000000eac00000,0x00000000ebd00000,0x00000000ebd00000)
  to   space 21504K, 0% used [0x00000000e9700000,0x00000000e9700000,0x00000000eac00000)
 ParOldGen       total 104960K, used 31073K [0x00000000a0000000, 0x00000000a6680000, 0x00000000e0000000)
  object space 104960K, 29% used [0x00000000a0000000,0x00000000a1e58470,0x00000000a6680000)
 Metaspace       used 57218K, capacity 59024K, committed 59136K, reserved 1099776K
  class space    used 7577K, capacity 7926K, committed 7936K, reserved 1048576K
Event: 73.121 GC heap after
Heap after GC invocations=13 (full 3):
 PSYoungGen      total 172032K, used 0K [0x00000000e0000000, 0x00000000ece00000, 0x0000000100000000)
  eden space 154624K, 0% used [0x00000000e0000000,0x00000000e0000000,0x00000000e9700000)
  from space 17408K, 0% used [0x00000000eac00000,0x00000000eac00000,0x00000000ebd00000)
  to   space 21504K, 0% used [0x00000000e9700000,0x00000000e9700000,0x00000000eac00000)
 ParOldGen       total 104960K, used 41029K [0x00000000a0000000, 0x00000000a6680000, 0x00000000e0000000)
  object space 104960K, 39% used [0x00000000a0000000,0x00000000a2811720,0x00000000a6680000)
 Metaspace       used 57208K, capacity 59010K, committed 59136K, reserved 1099776K
  class space    used 7576K, capacity 7924K, committed 7936K, reserved 1048576K
}

