# JRE version: OpenJDK Runtime Environment (8.0_112-b06) (build 1.8.0_112-release-b06)
# Java VM: OpenJDK 64-Bit Server VM (25.112-b06 mixed mode windows-amd64 compressed oops)
Heap:
 PSYoungGen      total 163840K, used 56613K [0x00000000e0000000, 0x00000000ec600000, 0x0000000100000000)
  eden space 146944K, 38% used [0x00000000e0000000,0x00000000e3749750,0x00000000e8f80000)
  from space 16896K, 0% used [0x00000000ea300000,0x00000000ea300000,0x00000000eb380000)
  to   space 19968K, 0% used [0x00000000e8f80000,0x00000000e8f80000,0x00000000ea300000)
 ParOldGen       total 164864K, used 36200K [0x00000000a0000000, 0x00000000aa100000, 0x00000000e0000000)
  object space 164864K, 21% used [0x00000000a0000000,0x00000000a235a298,0x00000000aa100000)
 Metaspace       used 59219K, capacity 61018K, committed 61312K, reserved 1101824K
  class space    used 7837K, capacity 8242K, committed 8320K, reserved 1048576K
GC Heap History (10 events):
Event: 8.458 GC heap before
{Heap before GC invocations=9 (full 2):
 PSYoungGen      total 104448K, used 10748K [0x00000000e0000000, 0x00000000e9e00000, 0x0000000100000000)
  eden space 93696K, 0% used [0x00000000e0000000,0x00000000e0000000,0x00000000e5b80000)
  from space 10752K, 99% used [0x00000000e5b80000,0x00000000e65ff110,0x00000000e6600000)
  to   space 12288K, 0% used [0x00000000e9200000,0x00000000e9200000,0x00000000e9e00000)
 ParOldGen       total 67072K, used 13381K [0x00000000a0000000, 0x00000000a4180000, 0x00000000e0000000)
  object space 67072K, 19% used [0x00000000a0000000,0x00000000a0d114f0,0x00000000a4180000)
 Metaspace       used 34780K, capacity 35388K, committed 35496K, reserved 1079296K
  class space    used 4626K, capacity 4822K, committed 4864K, reserved 1048576K
Event: 8.591 GC heap after
Heap after GC invocations=9 (full 2):
 PSYoungGen      total 104448K, used 0K [0x00000000e0000000, 0x00000000e9e00000, 0x0000000100000000)
  eden space 93696K, 0% used [0x00000000e0000000,0x00000000e0000000,0x00000000e5b80000)
  from space 10752K, 0% used [0x00000000e5b80000,0x00000000e5b80000,0x00000000e6600000)
  to   space 12288K, 0% used [0x00000000e9200000,0x00000000e9200000,0x00000000e9e00000)
 ParOldGen       total 108544K, used 18126K [0x00000000a0000000, 0x00000000a6a00000, 0x00000000e0000000)
  object space 108544K, 16% used [0x00000000a0000000,0x00000000a11b3b08,0x00000000a6a00000)
 Metaspace       used 34780K, capacity 35388K, committed 35496K, reserved 1079296K
  class space    used 4626K, capacity 4822K, committed 4864K, reserved 1048576K
}
Event: 10.013 GC heap before
{Heap before GC invocations=10 (full 2):
 PSYoungGen      total 104448K, used 93696K [0x00000000e0000000, 0x00000000e9e00000, 0x0000000100000000)
  eden space 93696K, 100% used [0x00000000e0000000,0x00000000e5b80000,0x00000000e5b80000)
  from space 10752K, 0% used [0x00000000e5b80000,0x00000000e5b80000,0x00000000e6600000)
  to   space 12288K, 0% used [0x00000000e9200000,0x00000000e9200000,0x00000000e9e00000)
 ParOldGen       total 108544K, used 18126K [0x00000000a0000000, 0x00000000a6a00000, 0x00000000e0000000)
  object space 108544K, 16% used [0x00000000a0000000,0x00000000a11b3b08,0x00000000a6a00000)
 Metaspace       used 42460K, capacity 43266K, committed 43520K, reserved 1087488K
  class space    used 5660K, capacity 5866K, committed 5888K, reserved 1048576K
Event: 10.025 GC heap after
Heap after GC invocations=10 (full 2):
 PSYoungGen      total 135680K, used 9768K [0x00000000e0000000, 0x00000000e9c00000, 0x0000000100000000)
  eden space 125440K, 0% used [0x00000000e0000000,0x00000000e0000000,0x00000000e7a80000)
  from space 10240K, 95% used [0x00000000e9200000,0x00000000e9b8a140,0x00000000e9c00000)
  to   space 12800K, 0% used [0x00000000e8300000,0x00000000e8300000,0x00000000e8f80000)
 ParOldGen       total 108544K, used 18134K [0x00000000a0000000, 0x00000000a6a00000, 0x00000000e0000000)
  object space 108544K, 16% used [0x00000000a0000000,0x00000000a11b5b08,0x00000000a6a00000)
 Metaspace       used 42460K, capacity 43266K, committed 43520K, reserved 1087488K
  class space    used 5660K, capacity 5866K, committed 5888K, reserved 1048576K
}
Event: 12.562 GC heap before
{Heap before GC invocations=11 (full 2):
 PSYoungGen      total 135680K, used 135208K [0x00000000e0000000, 0x00000000e9c00000, 0x0000000100000000)
  eden space 125440K, 100% used [0x00000000e0000000,0x00000000e7a80000,0x00000000e7a80000)
  from space 10240K, 95% used [0x00000000e9200000,0x00000000e9b8a140,0x00000000e9c00000)
  to   space 12800K, 0% used [0x00000000e8300000,0x00000000e8300000,0x00000000e8f80000)
 ParOldGen       total 108544K, used 18134K [0x00000000a0000000, 0x00000000a6a00000, 0x00000000e0000000)
  object space 108544K, 16% used [0x00000000a0000000,0x00000000a11b5b08,0x00000000a6a00000)
 Metaspace       used 50189K, capacity 51764K, committed 51968K, reserved 1093632K
  class space    used 6807K, capacity 7141K, committed 7168K, reserved 1048576K
Event: 12.586 GC heap after
Heap after GC invocations=11 (full 2):
 PSYoungGen      total 146944K, used 12783K [0x00000000e0000000, 0x00000000eb380000, 0x0000000100000000)
  eden space 134144K, 0% used [0x00000000e0000000,0x00000000e0000000,0x00000000e8300000)
  from space 12800K, 99% used [0x00000000e8300000,0x00000000e8f7bff0,0x00000000e8f80000)
  to   space 16896K, 0% used [0x00000000ea300000,0x00000000ea300000,0x00000000eb380000)
 ParOldGen       total 108544K, used 25415K [0x00000000a0000000, 0x00000000a6a00000, 0x00000000e0000000)
  object space 108544K, 23% used [0x00000000a0000000,0x00000000a18d1d68,0x00000000a6a00000)
 Metaspace       used 50189K, capacity 51764K, committed 51968K, reserved 1093632K
  class space    used 6807K, capacity 7141K, committed 7168K, reserved 1048576K
}
Event: 16.801 GC heap before
{Heap before GC invocations=12 (full 2):
 PSYoungGen      total 146944K, used 95924K [0x00000000e0000000, 0x00000000eb380000, 0x0000000100000000)
  eden space 134144K, 61% used [0x00000000e0000000,0x00000000e5131170,0x00000000e8300000)
  from space 12800K, 99% used [0x00000000e8300000,0x00000000e8f7bff0,0x00000000e8f80000)
  to   space 16896K, 0% used [0x00000000ea300000,0x00000000ea300000,0x00000000eb380000)
 ParOldGen       total 108544K, used 25415K [0x00000000a0000000, 0x00000000a6a00000, 0x00000000e0000000)
  object space 108544K, 23% used [0x00000000a0000000,0x00000000a18d1d68,0x00000000a6a00000)
 Metaspace       used 57238K, capacity 59002K, committed 59136K, reserved 1099776K
  class space    used 7674K, capacity 8082K, committed 8192K, reserved 1048576K
Event: 16.873 GC heap after
Heap after GC invocations=12 (full 2):
 PSYoungGen      total 163840K, used 16878K [0x00000000e0000000, 0x00000000ec600000, 0x0000000100000000)
  eden space 146944K, 0% used [0x00000000e0000000,0x00000000e0000000,0x00000000e8f80000)
  from space 16896K, 99% used [0x00000000ea300000,0x00000000eb37b8d0,0x00000000eb380000)
  to   space 19968K, 0% used [0x00000000e8f80000,0x00000000e8f80000,0x00000000ea300000)
 ParOldGen       total 108544K, used 27923K [0x00000000a0000000, 0x00000000a6a00000, 0x00000000e0000000)
  object space 108544K, 25% used [0x00000000a0000000,0x00000000a1b44e70,0x00000000a6a00000)
 Metaspace       used 57238K, capacity 59002K, committed 59136K, reserved 1099776K
  class space    used 7674K, capacity 8082K, committed 8192K, reserved 1048576K
}
Event: 16.873 GC heap before
{Heap before GC invocations=13 (full 3):
 PSYoungGen      total 163840K, used 16878K [0x00000000e0000000, 0x00000000ec600000, 0x0000000100000000)
  eden space 146944K, 0% used [0x00000000e0000000,0x00000000e0000000,0x00000000e8f80000)
  from space 16896K, 99% used [0x00000000ea300000,0x00000000eb37b8d0,0x00000000eb380000)
  to   space 19968K, 0% used [0x00000000e8f80000,0x00000000e8f80000,0x00000000ea300000)
 ParOldGen       total 108544K, used 27923K [0x00000000a0000000, 0x00000000a6a00000, 0x00000000e0000000)
  object space 108544K, 25% used [0x00000000a0000000,0x00000000a1b44e70,0x00000000a6a00000)
 Metaspace       used 57238K, capacity 59002K, committed 59136K, reserved 1099776K
  class space    used 7674K, capacity 8082K, committed 8192K, reserved 1048576K
Event: 17.293 GC heap after
Heap after GC invocations=13 (full 3):
 PSYoungGen      total 163840K, used 0K [0x00000000e0000000, 0x00000000ec600000, 0x0000000100000000)
  eden space 146944K, 0% used [0x00000000e0000000,0x00000000e0000000,0x00000000e8f80000)
  from space 16896K, 0% used [0x00000000ea300000,0x00000000ea300000,0x00000000eb380000)
  to   space 19968K, 0% used [0x00000000e8f80000,0x00000000e8f80000,0x00000000ea300000)
 ParOldGen       total 164864K, used 36200K [0x00000000a0000000, 0x00000000aa100000, 0x00000000e0000000)
  object space 164864K, 21% used [0x00000000a0000000,0x00000000a235a298,0x00000000aa100000)
 Metaspace       used 57238K, capacity 59002K, committed 59136K, reserved 1099776K
  class space    used 7674K, capacity 8082K, committed 8192K, reserved 1048576K
}

