# JRE version: OpenJDK Runtime Environment (8.0_112-b06) (build 1.8.0_112-release-b06)
# Java VM: OpenJDK 64-Bit Server VM (25.112-b06 mixed mode windows-amd64 compressed oops)
Heap:
 PSYoungGen      total 169472K, used 134792K [0x00000000e0000000, 0x00000000ec800000, 0x0000000100000000)
  eden space 152064K, 88% used [0x00000000e0000000,0x00000000e83a2188,0x00000000e9480000)
  from space 17408K, 0% used [0x00000000eb700000,0x00000000eb700000,0x00000000ec800000)
  to   space 13312K, 0% used [0x00000000e9480000,0x00000000e9480000,0x00000000ea180000)
 ParOldGen       total 101888K, used 40000K [0x00000000a0000000, 0x00000000a6380000, 0x00000000e0000000)
  object space 101888K, 39% used [0x00000000a0000000,0x00000000a2710290,0x00000000a6380000)
 Metaspace       used 63538K, capacity 65580K, committed 65792K, reserved 1105920K
  class space    used 8272K, capacity 8659K, committed 8704K, reserved 1048576K
GC Heap History (10 events):
Event: 15.132 GC heap before
{Heap before GC invocations=11 (full 2):
 PSYoungGen      total 150528K, used 150122K [0x00000000e0000000, 0x00000000eae80000, 0x0000000100000000)
  eden space 139776K, 100% used [0x00000000e0000000,0x00000000e8880000,0x00000000e8880000)
  from space 10752K, 96% used [0x00000000ea400000,0x00000000eae1a9e0,0x00000000eae80000)
  to   space 13312K, 0% used [0x00000000e9480000,0x00000000e9480000,0x00000000ea180000)
 ParOldGen       total 101888K, used 18249K [0x00000000a0000000, 0x00000000a6380000, 0x00000000e0000000)
  object space 101888K, 17% used [0x00000000a0000000,0x00000000a11d2418,0x00000000a6380000)
 Metaspace       used 50639K, capacity 52272K, committed 52352K, reserved 1093632K
  class space    used 6868K, capacity 7225K, committed 7296K, reserved 1048576K
Event: 15.160 GC heap after
Heap after GC invocations=11 (full 2):
 PSYoungGen      total 165376K, used 13312K [0x00000000e0000000, 0x00000000ec800000, 0x0000000100000000)
  eden space 152064K, 0% used [0x00000000e0000000,0x00000000e0000000,0x00000000e9480000)
  from space 13312K, 100% used [0x00000000e9480000,0x00000000ea180000,0x00000000ea180000)
  to   space 17408K, 0% used [0x00000000eb700000,0x00000000eb700000,0x00000000ec800000)
 ParOldGen       total 101888K, used 25431K [0x00000000a0000000, 0x00000000a6380000, 0x00000000e0000000)
  object space 101888K, 24% used [0x00000000a0000000,0x00000000a18d5c20,0x00000000a6380000)
 Metaspace       used 50639K, capacity 52272K, committed 52352K, reserved 1093632K
  class space    used 6868K, capacity 7225K, committed 7296K, reserved 1048576K
}
Event: 16.952 GC heap before
{Heap before GC invocations=12 (full 2):
 PSYoungGen      total 165376K, used 165376K [0x00000000e0000000, 0x00000000ec800000, 0x0000000100000000)
  eden space 152064K, 100% used [0x00000000e0000000,0x00000000e9480000,0x00000000e9480000)
  from space 13312K, 100% used [0x00000000e9480000,0x00000000ea180000,0x00000000ea180000)
  to   space 17408K, 0% used [0x00000000eb700000,0x00000000eb700000,0x00000000ec800000)
 ParOldGen       total 101888K, used 25431K [0x00000000a0000000, 0x00000000a6380000, 0x00000000e0000000)
  object space 101888K, 24% used [0x00000000a0000000,0x00000000a18d5c20,0x00000000a6380000)
 Metaspace       used 53413K, capacity 55044K, committed 55424K, reserved 1097728K
  class space    used 7127K, capacity 7459K, committed 7552K, reserved 1048576K
Event: 17.041 GC heap after
Heap after GC invocations=12 (full 2):
 PSYoungGen      total 169472K, used 17405K [0x00000000e0000000, 0x00000000ec800000, 0x0000000100000000)
  eden space 152064K, 0% used [0x00000000e0000000,0x00000000e0000000,0x00000000e9480000)
  from space 17408K, 99% used [0x00000000eb700000,0x00000000ec7ff6b8,0x00000000ec800000)
  to   space 13312K, 0% used [0x00000000e9480000,0x00000000e9480000,0x00000000ea180000)
 ParOldGen       total 101888K, used 55987K [0x00000000a0000000, 0x00000000a6380000, 0x00000000e0000000)
  object space 101888K, 54% used [0x00000000a0000000,0x00000000a36acc28,0x00000000a6380000)
 Metaspace       used 53413K, capacity 55044K, committed 55424K, reserved 1097728K
  class space    used 7127K, capacity 7459K, committed 7552K, reserved 1048576K
}
Event: 18.789 GC heap before
{Heap before GC invocations=13 (full 2):
 PSYoungGen      total 169472K, used 169469K [0x00000000e0000000, 0x00000000ec800000, 0x0000000100000000)
  eden space 152064K, 100% used [0x00000000e0000000,0x00000000e9480000,0x00000000e9480000)
  from space 17408K, 99% used [0x00000000eb700000,0x00000000ec7ff6b8,0x00000000ec800000)
  to   space 13312K, 0% used [0x00000000e9480000,0x00000000e9480000,0x00000000ea180000)
 ParOldGen       total 101888K, used 55987K [0x00000000a0000000, 0x00000000a6380000, 0x00000000e0000000)
  object space 101888K, 54% used [0x00000000a0000000,0x00000000a36acc28,0x00000000a6380000)
 Metaspace       used 54607K, capacity 56428K, committed 56576K, reserved 1097728K
  class space    used 7262K, capacity 7655K, committed 7680K, reserved 1048576K
Event: 18.842 GC heap after
Heap after GC invocations=13 (full 2):
 PSYoungGen      total 165376K, used 13297K [0x00000000e0000000, 0x00000000ec800000, 0x0000000100000000)
  eden space 152064K, 0% used [0x00000000e0000000,0x00000000e0000000,0x00000000e9480000)
  from space 13312K, 99% used [0x00000000e9480000,0x00000000ea17c428,0x00000000ea180000)
  to   space 17408K, 0% used [0x00000000eb700000,0x00000000eb700000,0x00000000ec800000)
 ParOldGen       total 101888K, used 78976K [0x00000000a0000000, 0x00000000a6380000, 0x00000000e0000000)
  object space 101888K, 77% used [0x00000000a0000000,0x00000000a4d201d8,0x00000000a6380000)
 Metaspace       used 54607K, capacity 56428K, committed 56576K, reserved 1097728K
  class space    used 7262K, capacity 7655K, committed 7680K, reserved 1048576K
}
Event: 19.328 GC heap before
{Heap before GC invocations=14 (full 2):
 PSYoungGen      total 165376K, used 42413K [0x00000000e0000000, 0x00000000ec800000, 0x0000000100000000)
  eden space 152064K, 19% used [0x00000000e0000000,0x00000000e1c6f130,0x00000000e9480000)
  from space 13312K, 99% used [0x00000000e9480000,0x00000000ea17c428,0x00000000ea180000)
  to   space 17408K, 0% used [0x00000000eb700000,0x00000000eb700000,0x00000000ec800000)
 ParOldGen       total 101888K, used 78976K [0x00000000a0000000, 0x00000000a6380000, 0x00000000e0000000)
  object space 101888K, 77% used [0x00000000a0000000,0x00000000a4d201d8,0x00000000a6380000)
 Metaspace       used 57139K, capacity 59040K, committed 59160K, reserved 1099776K
  class space    used 7573K, capacity 7981K, committed 8064K, reserved 1048576K
Event: 19.371 GC heap after
Heap after GC invocations=14 (full 2):
 PSYoungGen      total 169472K, used 5237K [0x00000000e0000000, 0x00000000ec800000, 0x0000000100000000)
  eden space 152064K, 0% used [0x00000000e0000000,0x00000000e0000000,0x00000000e9480000)
  from space 17408K, 30% used [0x00000000eb700000,0x00000000ebc1d650,0x00000000ec800000)
  to   space 13312K, 0% used [0x00000000e9480000,0x00000000e9480000,0x00000000ea180000)
 ParOldGen       total 101888K, used 89253K [0x00000000a0000000, 0x00000000a6380000, 0x00000000e0000000)
  object space 101888K, 87% used [0x00000000a0000000,0x00000000a5729608,0x00000000a6380000)
 Metaspace       used 57139K, capacity 59040K, committed 59160K, reserved 1099776K
  class space    used 7573K, capacity 7981K, committed 8064K, reserved 1048576K
}
Event: 19.371 GC heap before
{Heap before GC invocations=15 (full 3):
 PSYoungGen      total 169472K, used 5237K [0x00000000e0000000, 0x00000000ec800000, 0x0000000100000000)
  eden space 152064K, 0% used [0x00000000e0000000,0x00000000e0000000,0x00000000e9480000)
  from space 17408K, 30% used [0x00000000eb700000,0x00000000ebc1d650,0x00000000ec800000)
  to   space 13312K, 0% used [0x00000000e9480000,0x00000000e9480000,0x00000000ea180000)
 ParOldGen       total 101888K, used 89253K [0x00000000a0000000, 0x00000000a6380000, 0x00000000e0000000)
  object space 101888K, 87% used [0x00000000a0000000,0x00000000a5729608,0x00000000a6380000)
 Metaspace       used 57139K, capacity 59040K, committed 59160K, reserved 1099776K
  class space    used 7573K, capacity 7981K, committed 8064K, reserved 1048576K
Event: 19.668 GC heap after
Heap after GC invocations=15 (full 3):
 PSYoungGen      total 169472K, used 0K [0x00000000e0000000, 0x00000000ec800000, 0x0000000100000000)
  eden space 152064K, 0% used [0x00000000e0000000,0x00000000e0000000,0x00000000e9480000)
  from space 17408K, 0% used [0x00000000eb700000,0x00000000eb700000,0x00000000ec800000)
  to   space 13312K, 0% used [0x00000000e9480000,0x00000000e9480000,0x00000000ea180000)
 ParOldGen       total 101888K, used 40000K [0x00000000a0000000, 0x00000000a6380000, 0x00000000e0000000)
  object space 101888K, 39% used [0x00000000a0000000,0x00000000a2710290,0x00000000a6380000)
 Metaspace       used 57136K, capacity 59028K, committed 59160K, reserved 1099776K
  class space    used 7571K, capacity 7979K, committed 8064K, reserved 1048576K
}

