# JRE version: OpenJDK Runtime Environment (8.0_112-b06) (build 1.8.0_112-release-b06)
# Java VM: OpenJDK 64-Bit Server VM (25.112-b06 mixed mode windows-amd64 compressed oops)
Heap:
 PSYoungGen      total 193536K, used 56215K [0x00000000e0000000, 0x00000000ef080000, 0x0000000100000000)
  eden space 171008K, 24% used [0x00000000e0000000,0x00000000e2993ba8,0x00000000ea700000)
  from space 22528K, 60% used [0x00000000ea700000,0x00000000eb452108,0x00000000ebd00000)
  to   space 22528K, 0% used [0x00000000eda80000,0x00000000eda80000,0x00000000ef080000)
 ParOldGen       total 103424K, used 40261K [0x00000000a0000000, 0x00000000a6500000, 0x00000000e0000000)
  object space 103424K, 38% used [0x00000000a0000000,0x00000000a2751638,0x00000000a6500000)
 Metaspace       used 64174K, capacity 66170K, committed 66432K, reserved 1107968K
  class space    used 8355K, capacity 8758K, committed 8832K, reserved 1048576K
GC Heap History (10 events):
Event: 9.859 GC heap before
{Heap before GC invocations=10 (full 2):
 PSYoungGen      total 109568K, used 98816K [0x00000000e0000000, 0x00000000eac80000, 0x0000000100000000)
  eden space 98816K, 100% used [0x00000000e0000000,0x00000000e6080000,0x00000000e6080000)
  from space 10752K, 0% used [0x00000000e6080000,0x00000000e6080000,0x00000000e6b00000)
  to   space 12288K, 0% used [0x00000000ea080000,0x00000000ea080000,0x00000000eac80000)
 ParOldGen       total 103424K, used 18076K [0x00000000a0000000, 0x00000000a6500000, 0x00000000e0000000)
  object space 103424K, 17% used [0x00000000a0000000,0x00000000a11a70a8,0x00000000a6500000)
 Metaspace       used 42481K, capacity 43298K, committed 43648K, reserved 1087488K
  class space    used 5668K, capacity 5898K, committed 6016K, reserved 1048576K
Event: 9.875 GC heap after
Heap after GC invocations=10 (full 2):
 PSYoungGen      total 150016K, used 10113K [0x00000000e0000000, 0x00000000eaa80000, 0x0000000100000000)
  eden space 139776K, 0% used [0x00000000e0000000,0x00000000e0000000,0x00000000e8880000)
  from space 10240K, 98% used [0x00000000ea080000,0x00000000eaa60458,0x00000000eaa80000)
  to   space 12800K, 0% used [0x00000000e9180000,0x00000000e9180000,0x00000000e9e00000)
 ParOldGen       total 103424K, used 18084K [0x00000000a0000000, 0x00000000a6500000, 0x00000000e0000000)
  object space 103424K, 17% used [0x00000000a0000000,0x00000000a11a90a8,0x00000000a6500000)
 Metaspace       used 42481K, capacity 43298K, committed 43648K, reserved 1087488K
  class space    used 5668K, capacity 5898K, committed 6016K, reserved 1048576K
}
Event: 12.669 GC heap before
{Heap before GC invocations=11 (full 2):
 PSYoungGen      total 150016K, used 149889K [0x00000000e0000000, 0x00000000eaa80000, 0x0000000100000000)
  eden space 139776K, 100% used [0x00000000e0000000,0x00000000e8880000,0x00000000e8880000)
  from space 10240K, 98% used [0x00000000ea080000,0x00000000eaa60458,0x00000000eaa80000)
  to   space 12800K, 0% used [0x00000000e9180000,0x00000000e9180000,0x00000000e9e00000)
 ParOldGen       total 103424K, used 18084K [0x00000000a0000000, 0x00000000a6500000, 0x00000000e0000000)
  object space 103424K, 17% used [0x00000000a0000000,0x00000000a11a90a8,0x00000000a6500000)
 Metaspace       used 52956K, capacity 54548K, committed 54784K, reserved 1095680K
  class space    used 7228K, capacity 7561K, committed 7680K, reserved 1048576K
Event: 12.709 GC heap after
Heap after GC invocations=11 (full 2):
 PSYoungGen      total 161792K, used 12787K [0x00000000e0000000, 0x00000000ecf80000, 0x0000000100000000)
  eden space 148992K, 0% used [0x00000000e0000000,0x00000000e0000000,0x00000000e9180000)
  from space 12800K, 99% used [0x00000000e9180000,0x00000000e9dfce88,0x00000000e9e00000)
  to   space 18944K, 0% used [0x00000000ebd00000,0x00000000ebd00000,0x00000000ecf80000)
 ParOldGen       total 103424K, used 29721K [0x00000000a0000000, 0x00000000a6500000, 0x00000000e0000000)
  object space 103424K, 28% used [0x00000000a0000000,0x00000000a1d06560,0x00000000a6500000)
 Metaspace       used 52956K, capacity 54548K, committed 54784K, reserved 1095680K
  class space    used 7228K, capacity 7561K, committed 7680K, reserved 1048576K
}
Event: 14.846 GC heap before
{Heap before GC invocations=12 (full 2):
 PSYoungGen      total 161792K, used 75362K [0x00000000e0000000, 0x00000000ecf80000, 0x0000000100000000)
  eden space 148992K, 41% used [0x00000000e0000000,0x00000000e3d1bbe8,0x00000000e9180000)
  from space 12800K, 99% used [0x00000000e9180000,0x00000000e9dfce88,0x00000000e9e00000)
  to   space 18944K, 0% used [0x00000000ebd00000,0x00000000ebd00000,0x00000000ecf80000)
 ParOldGen       total 103424K, used 29721K [0x00000000a0000000, 0x00000000a6500000, 0x00000000e0000000)
  object space 103424K, 28% used [0x00000000a0000000,0x00000000a1d06560,0x00000000a6500000)
 Metaspace       used 57298K, capacity 59016K, committed 59136K, reserved 1099776K
  class space    used 7665K, capacity 8084K, committed 8192K, reserved 1048576K
Event: 14.877 GC heap after
Heap after GC invocations=12 (full 2):
 PSYoungGen      total 189952K, used 18943K [0x00000000e0000000, 0x00000000ee200000, 0x0000000100000000)
  eden space 171008K, 0% used [0x00000000e0000000,0x00000000e0000000,0x00000000ea700000)
  from space 18944K, 99% used [0x00000000ebd00000,0x00000000ecf7ff58,0x00000000ecf80000)
  to   space 22528K, 0% used [0x00000000ea700000,0x00000000ea700000,0x00000000ebd00000)
 ParOldGen       total 103424K, used 33155K [0x00000000a0000000, 0x00000000a6500000, 0x00000000e0000000)
  object space 103424K, 32% used [0x00000000a0000000,0x00000000a2060d40,0x00000000a6500000)
 Metaspace       used 57298K, capacity 59016K, committed 59136K, reserved 1099776K
  class space    used 7665K, capacity 8084K, committed 8192K, reserved 1048576K
}
Event: 14.877 GC heap before
{Heap before GC invocations=13 (full 3):
 PSYoungGen      total 189952K, used 18943K [0x00000000e0000000, 0x00000000ee200000, 0x0000000100000000)
  eden space 171008K, 0% used [0x00000000e0000000,0x00000000e0000000,0x00000000ea700000)
  from space 18944K, 99% used [0x00000000ebd00000,0x00000000ecf7ff58,0x00000000ecf80000)
  to   space 22528K, 0% used [0x00000000ea700000,0x00000000ea700000,0x00000000ebd00000)
 ParOldGen       total 103424K, used 33155K [0x00000000a0000000, 0x00000000a6500000, 0x00000000e0000000)
  object space 103424K, 32% used [0x00000000a0000000,0x00000000a2060d40,0x00000000a6500000)
 Metaspace       used 57298K, capacity 59016K, committed 59136K, reserved 1099776K
  class space    used 7665K, capacity 8084K, committed 8192K, reserved 1048576K
Event: 15.149 GC heap after
Heap after GC invocations=13 (full 3):
 PSYoungGen      total 189952K, used 0K [0x00000000e0000000, 0x00000000ee200000, 0x0000000100000000)
  eden space 171008K, 0% used [0x00000000e0000000,0x00000000e0000000,0x00000000ea700000)
  from space 18944K, 0% used [0x00000000ebd00000,0x00000000ebd00000,0x00000000ecf80000)
  to   space 22528K, 0% used [0x00000000ea700000,0x00000000ea700000,0x00000000ebd00000)
 ParOldGen       total 103424K, used 40253K [0x00000000a0000000, 0x00000000a6500000, 0x00000000e0000000)
  object space 103424K, 38% used [0x00000000a0000000,0x00000000a274f638,0x00000000a6500000)
 Metaspace       used 57287K, capacity 59002K, committed 59136K, reserved 1099776K
  class space    used 7665K, capacity 8082K, committed 8192K, reserved 1048576K
}
Event: 242.984 GC heap before
{Heap before GC invocations=14 (full 3):
 PSYoungGen      total 189952K, used 171008K [0x00000000e0000000, 0x00000000ee200000, 0x0000000100000000)
  eden space 171008K, 100% used [0x00000000e0000000,0x00000000ea700000,0x00000000ea700000)
  from space 18944K, 0% used [0x00000000ebd00000,0x00000000ebd00000,0x00000000ecf80000)
  to   space 22528K, 0% used [0x00000000ea700000,0x00000000ea700000,0x00000000ebd00000)
 ParOldGen       total 103424K, used 40253K [0x00000000a0000000, 0x00000000a6500000, 0x00000000e0000000)
  object space 103424K, 38% used [0x00000000a0000000,0x00000000a274f638,0x00000000a6500000)
 Metaspace       used 63827K, capacity 65744K, committed 65920K, reserved 1105920K
  class space    used 8351K, capacity 8751K, committed 8832K, reserved 1048576K
Event: 243.003 GC heap after
Heap after GC invocations=14 (full 3):
 PSYoungGen      total 193536K, used 13640K [0x00000000e0000000, 0x00000000ef080000, 0x0000000100000000)
  eden space 171008K, 0% used [0x00000000e0000000,0x00000000e0000000,0x00000000ea700000)
  from space 22528K, 60% used [0x00000000ea700000,0x00000000eb452108,0x00000000ebd00000)
  to   space 22528K, 0% used [0x00000000eda80000,0x00000000eda80000,0x00000000ef080000)
 ParOldGen       total 103424K, used 40261K [0x00000000a0000000, 0x00000000a6500000, 0x00000000e0000000)
  object space 103424K, 38% used [0x00000000a0000000,0x00000000a2751638,0x00000000a6500000)
 Metaspace       used 63827K, capacity 65744K, committed 65920K, reserved 1105920K
  class space    used 8351K, capacity 8751K, committed 8832K, reserved 1048576K
}

