# JRE version: OpenJDK Runtime Environment (8.0_112-b06) (build 1.8.0_112-release-b06)
# Java VM: OpenJDK 64-Bit Server VM (25.112-b06 mixed mode windows-amd64 compressed oops)
Heap:
 PSYoungGen      total 209920K, used 87766K [0x00000000e0000000, 0x00000000eea00000, 0x0000000100000000)
  eden space 193024K, 36% used [0x00000000e0000000,0x00000000e453d788,0x00000000ebc80000)
  from space 16896K, 99% used [0x00000000ebc80000,0x00000000eccf81f8,0x00000000ecd00000)
  to   space 14848K, 0% used [0x00000000ecd00000,0x00000000ecd00000,0x00000000edb80000)
 ParOldGen       total 88064K, used 32481K [0x00000000a0000000, 0x00000000a5600000, 0x00000000e0000000)
  object space 88064K, 36% used [0x00000000a0000000,0x00000000a1fb8580,0x00000000a5600000)
 Metaspace       used 56048K, capacity 58398K, committed 58496K, reserved 1099776K
  class space    used 7543K, capacity 8032K, committed 8064K, reserved 1048576K
GC Heap History (10 events):
Event: 20.427 GC heap before
{Heap before GC invocations=5 (full 1):
 PSYoungGen      total 71680K, used 66560K [0x00000000e0000000, 0x00000000e8c00000, 0x0000000100000000)
  eden space 66560K, 100% used [0x00000000e0000000,0x00000000e4100000,0x00000000e4100000)
  from space 5120K, 0% used [0x00000000e4100000,0x00000000e4100000,0x00000000e4600000)
  to   space 5120K, 0% used [0x00000000e8700000,0x00000000e8700000,0x00000000e8c00000)
 ParOldGen       total 60928K, used 11684K [0x00000000a0000000, 0x00000000a3b80000, 0x00000000e0000000)
  object space 60928K, 19% used [0x00000000a0000000,0x00000000a0b69120,0x00000000a3b80000)
 Metaspace       used 26567K, capacity 27018K, committed 27136K, reserved 1073152K
  class space    used 3646K, capacity 3780K, committed 3840K, reserved 1048576K
Event: 20.442 GC heap after
Heap after GC invocations=5 (full 1):
 PSYoungGen      total 120832K, used 5113K [0x00000000e0000000, 0x00000000e8c00000, 0x0000000100000000)
  eden space 115712K, 0% used [0x00000000e0000000,0x00000000e0000000,0x00000000e7100000)
  from space 5120K, 99% used [0x00000000e8700000,0x00000000e8bfe588,0x00000000e8c00000)
  to   space 5120K, 0% used [0x00000000e8200000,0x00000000e8200000,0x00000000e8700000)
 ParOldGen       total 60928K, used 14674K [0x00000000a0000000, 0x00000000a3b80000, 0x00000000e0000000)
  object space 60928K, 24% used [0x00000000a0000000,0x00000000a0e54b88,0x00000000a3b80000)
 Metaspace       used 26567K, capacity 27018K, committed 27136K, reserved 1073152K
  class space    used 3646K, capacity 3780K, committed 3840K, reserved 1048576K
}
Event: 35.263 GC heap before
{Heap before GC invocations=6 (full 1):
 PSYoungGen      total 120832K, used 110750K [0x00000000e0000000, 0x00000000e8c00000, 0x0000000100000000)
  eden space 115712K, 91% used [0x00000000e0000000,0x00000000e6729298,0x00000000e7100000)
  from space 5120K, 99% used [0x00000000e8700000,0x00000000e8bfe588,0x00000000e8c00000)
  to   space 5120K, 0% used [0x00000000e8200000,0x00000000e8200000,0x00000000e8700000)
 ParOldGen       total 60928K, used 14674K [0x00000000a0000000, 0x00000000a3b80000, 0x00000000e0000000)
  object space 60928K, 24% used [0x00000000a0000000,0x00000000a0e54b88,0x00000000a3b80000)
 Metaspace       used 34687K, capacity 35400K, committed 35496K, reserved 1079296K
  class space    used 4599K, capacity 4777K, committed 4864K, reserved 1048576K
Event: 35.284 GC heap after
Heap after GC invocations=6 (full 1):
 PSYoungGen      total 138240K, used 5104K [0x00000000e0000000, 0x00000000edb80000, 0x0000000100000000)
  eden space 133120K, 0% used [0x00000000e0000000,0x00000000e0000000,0x00000000e8200000)
  from space 5120K, 99% used [0x00000000e8200000,0x00000000e86fc020,0x00000000e8700000)
  to   space 14848K, 0% used [0x00000000ecd00000,0x00000000ecd00000,0x00000000edb80000)
 ParOldGen       total 60928K, used 22355K [0x00000000a0000000, 0x00000000a3b80000, 0x00000000e0000000)
  object space 60928K, 36% used [0x00000000a0000000,0x00000000a15d4d90,0x00000000a3b80000)
 Metaspace       used 34687K, capacity 35400K, committed 35496K, reserved 1079296K
  class space    used 4599K, capacity 4777K, committed 4864K, reserved 1048576K
}
Event: 35.284 GC heap before
{Heap before GC invocations=7 (full 2):
 PSYoungGen      total 138240K, used 5104K [0x00000000e0000000, 0x00000000edb80000, 0x0000000100000000)
  eden space 133120K, 0% used [0x00000000e0000000,0x00000000e0000000,0x00000000e8200000)
  from space 5120K, 99% used [0x00000000e8200000,0x00000000e86fc020,0x00000000e8700000)
  to   space 14848K, 0% used [0x00000000ecd00000,0x00000000ecd00000,0x00000000edb80000)
 ParOldGen       total 60928K, used 22355K [0x00000000a0000000, 0x00000000a3b80000, 0x00000000e0000000)
  object space 60928K, 36% used [0x00000000a0000000,0x00000000a15d4d90,0x00000000a3b80000)
 Metaspace       used 34687K, capacity 35400K, committed 35496K, reserved 1079296K
  class space    used 4599K, capacity 4777K, committed 4864K, reserved 1048576K
Event: 35.463 GC heap after
Heap after GC invocations=7 (full 2):
 PSYoungGen      total 138240K, used 0K [0x00000000e0000000, 0x00000000edb80000, 0x0000000100000000)
  eden space 133120K, 0% used [0x00000000e0000000,0x00000000e0000000,0x00000000e8200000)
  from space 5120K, 0% used [0x00000000e8200000,0x00000000e8200000,0x00000000e8700000)
  to   space 14848K, 0% used [0x00000000ecd00000,0x00000000ecd00000,0x00000000edb80000)
 ParOldGen       total 88064K, used 19247K [0x00000000a0000000, 0x00000000a5600000, 0x00000000e0000000)
  object space 88064K, 21% used [0x00000000a0000000,0x00000000a12cbd88,0x00000000a5600000)
 Metaspace       used 34660K, capacity 35312K, committed 35496K, reserved 1079296K
  class space    used 4591K, capacity 4769K, committed 4864K, reserved 1048576K
}
Event: 40.645 GC heap before
{Heap before GC invocations=8 (full 2):
 PSYoungGen      total 138240K, used 133120K [0x00000000e0000000, 0x00000000edb80000, 0x0000000100000000)
  eden space 133120K, 100% used [0x00000000e0000000,0x00000000e8200000,0x00000000e8200000)
  from space 5120K, 0% used [0x00000000e8200000,0x00000000e8200000,0x00000000e8700000)
  to   space 14848K, 0% used [0x00000000ecd00000,0x00000000ecd00000,0x00000000edb80000)
 ParOldGen       total 88064K, used 19247K [0x00000000a0000000, 0x00000000a5600000, 0x00000000e0000000)
  object space 88064K, 21% used [0x00000000a0000000,0x00000000a12cbd88,0x00000000a5600000)
 Metaspace       used 45520K, capacity 46416K, committed 46720K, reserved 1089536K
  class space    used 6030K, capacity 6262K, committed 6272K, reserved 1048576K
Event: 40.676 GC heap after
Heap after GC invocations=8 (full 2):
 PSYoungGen      total 207872K, used 13950K [0x00000000e0000000, 0x00000000eea00000, 0x0000000100000000)
  eden space 193024K, 0% used [0x00000000e0000000,0x00000000e0000000,0x00000000ebc80000)
  from space 14848K, 93% used [0x00000000ecd00000,0x00000000eda9fb00,0x00000000edb80000)
  to   space 16896K, 0% used [0x00000000ebc80000,0x00000000ebc80000,0x00000000ecd00000)
 ParOldGen       total 88064K, used 19255K [0x00000000a0000000, 0x00000000a5600000, 0x00000000e0000000)
  object space 88064K, 21% used [0x00000000a0000000,0x00000000a12cdd88,0x00000000a5600000)
 Metaspace       used 45520K, capacity 46416K, committed 46720K, reserved 1089536K
  class space    used 6030K, capacity 6262K, committed 6272K, reserved 1048576K
}
Event: 51.662 GC heap before
{Heap before GC invocations=9 (full 2):
 PSYoungGen      total 207872K, used 206974K [0x00000000e0000000, 0x00000000eea00000, 0x0000000100000000)
  eden space 193024K, 100% used [0x00000000e0000000,0x00000000ebc80000,0x00000000ebc80000)
  from space 14848K, 93% used [0x00000000ecd00000,0x00000000eda9fb00,0x00000000edb80000)
  to   space 16896K, 0% used [0x00000000ebc80000,0x00000000ebc80000,0x00000000ecd00000)
 ParOldGen       total 88064K, used 19255K [0x00000000a0000000, 0x00000000a5600000, 0x00000000e0000000)
  object space 88064K, 21% used [0x00000000a0000000,0x00000000a12cdd88,0x00000000a5600000)
 Metaspace       used 52914K, capacity 54730K, committed 54912K, reserved 1097728K
  class space    used 7083K, capacity 7471K, committed 7552K, reserved 1048576K
Event: 51.703 GC heap after
Heap after GC invocations=9 (full 2):
 PSYoungGen      total 209920K, used 16864K [0x00000000e0000000, 0x00000000eea00000, 0x0000000100000000)
  eden space 193024K, 0% used [0x00000000e0000000,0x00000000e0000000,0x00000000ebc80000)
  from space 16896K, 99% used [0x00000000ebc80000,0x00000000eccf81f8,0x00000000ecd00000)
  to   space 14848K, 0% used [0x00000000ecd00000,0x00000000ecd00000,0x00000000edb80000)
 ParOldGen       total 88064K, used 32481K [0x00000000a0000000, 0x00000000a5600000, 0x00000000e0000000)
  object space 88064K, 36% used [0x00000000a0000000,0x00000000a1fb8580,0x00000000a5600000)
 Metaspace       used 52914K, capacity 54730K, committed 54912K, reserved 1097728K
  class space    used 7083K, capacity 7471K, committed 7552K, reserved 1048576K
}

