# JRE version: OpenJDK Runtime Environment (8.0_112-b06) (build 1.8.0_112-release-b06)
# Java VM: OpenJDK 64-Bit Server VM (25.112-b06 mixed mode windows-amd64 compressed oops)
Heap:
 PSYoungGen      total 144896K, used 77983K [0x00000000e0000000, 0x00000000ee600000, 0x0000000100000000)
  eden space 132608K, 58% used [0x00000000e0000000,0x00000000e4c27f78,0x00000000e8180000)
  from space 12288K, 0% used [0x00000000e9a80000,0x00000000e9a80000,0x00000000ea680000)
  to   space 25600K, 0% used [0x00000000e8180000,0x00000000e8180000,0x00000000e9a80000)
 ParOldGen       total 97792K, used 54817K [0x00000000a0000000, 0x00000000a5f80000, 0x00000000e0000000)
  object space 97792K, 56% used [0x00000000a0000000,0x00000000a35886b0,0x00000000a5f80000)
 Metaspace       used 58085K, capacity 60512K, committed 60672K, reserved 1101824K
  class space    used 7841K, capacity 8366K, committed 8448K, reserved 1048576K
GC Heap History (10 events):
Event: 20.478 GC heap before
{Heap before GC invocations=9 (full 2):
 PSYoungGen      total 107008K, used 10742K [0x00000000e0000000, 0x00000000ea680000, 0x0000000100000000)
  eden space 96256K, 0% used [0x00000000e0000000,0x00000000e0000000,0x00000000e5e00000)
  from space 10752K, 99% used [0x00000000e5e00000,0x00000000e687db48,0x00000000e6880000)
  to   space 12288K, 0% used [0x00000000e9a80000,0x00000000e9a80000,0x00000000ea680000)
 ParOldGen       total 67584K, used 13590K [0x00000000a0000000, 0x00000000a4200000, 0x00000000e0000000)
  object space 67584K, 20% used [0x00000000a0000000,0x00000000a0d45a18,0x00000000a4200000)
 Metaspace       used 34666K, capacity 35396K, committed 35416K, reserved 1079296K
  class space    used 4656K, capacity 4857K, committed 4864K, reserved 1048576K
Event: 20.636 GC heap after
Heap after GC invocations=9 (full 2):
 PSYoungGen      total 107008K, used 0K [0x00000000e0000000, 0x00000000ea680000, 0x0000000100000000)
  eden space 96256K, 0% used [0x00000000e0000000,0x00000000e0000000,0x00000000e5e00000)
  from space 10752K, 0% used [0x00000000e5e00000,0x00000000e5e00000,0x00000000e6880000)
  to   space 12288K, 0% used [0x00000000e9a80000,0x00000000e9a80000,0x00000000ea680000)
 ParOldGen       total 97792K, used 17775K [0x00000000a0000000, 0x00000000a5f80000, 0x00000000e0000000)
  object space 97792K, 18% used [0x00000000a0000000,0x00000000a115be38,0x00000000a5f80000)
 Metaspace       used 34666K, capacity 35396K, committed 35416K, reserved 1079296K
  class space    used 4656K, capacity 4857K, committed 4864K, reserved 1048576K
}
Event: 23.045 GC heap before
{Heap before GC invocations=10 (full 2):
 PSYoungGen      total 107008K, used 96256K [0x00000000e0000000, 0x00000000ea680000, 0x0000000100000000)
  eden space 96256K, 100% used [0x00000000e0000000,0x00000000e5e00000,0x00000000e5e00000)
  from space 10752K, 0% used [0x00000000e5e00000,0x00000000e5e00000,0x00000000e6880000)
  to   space 12288K, 0% used [0x00000000e9a80000,0x00000000e9a80000,0x00000000ea680000)
 ParOldGen       total 97792K, used 17775K [0x00000000a0000000, 0x00000000a5f80000, 0x00000000e0000000)
  object space 97792K, 18% used [0x00000000a0000000,0x00000000a115be38,0x00000000a5f80000)
 Metaspace       used 42042K, capacity 42976K, committed 43136K, reserved 1087488K
  class space    used 5664K, capacity 5940K, committed 6016K, reserved 1048576K
Event: 23.061 GC heap after
Heap after GC invocations=10 (full 2):
 PSYoungGen      total 157696K, used 10290K [0x00000000e0000000, 0x00000000ea780000, 0x0000000100000000)
  eden space 145408K, 0% used [0x00000000e0000000,0x00000000e0000000,0x00000000e8e00000)
  from space 12288K, 83% used [0x00000000e9a80000,0x00000000ea48c980,0x00000000ea680000)
  to   space 12800K, 0% used [0x00000000e8e00000,0x00000000e8e00000,0x00000000e9a80000)
 ParOldGen       total 97792K, used 17783K [0x00000000a0000000, 0x00000000a5f80000, 0x00000000e0000000)
  object space 97792K, 18% used [0x00000000a0000000,0x00000000a115de38,0x00000000a5f80000)
 Metaspace       used 42042K, capacity 42976K, committed 43136K, reserved 1087488K
  class space    used 5664K, capacity 5940K, committed 6016K, reserved 1048576K
}
Event: 26.641 GC heap before
{Heap before GC invocations=11 (full 2):
 PSYoungGen      total 157696K, used 155698K [0x00000000e0000000, 0x00000000ea780000, 0x0000000100000000)
  eden space 145408K, 100% used [0x00000000e0000000,0x00000000e8e00000,0x00000000e8e00000)
  from space 12288K, 83% used [0x00000000e9a80000,0x00000000ea48c980,0x00000000ea680000)
  to   space 12800K, 0% used [0x00000000e8e00000,0x00000000e8e00000,0x00000000e9a80000)
 ParOldGen       total 97792K, used 17783K [0x00000000a0000000, 0x00000000a5f80000, 0x00000000e0000000)
  object space 97792K, 18% used [0x00000000a0000000,0x00000000a115de38,0x00000000a5f80000)
 Metaspace       used 51986K, capacity 53798K, committed 54144K, reserved 1095680K
  class space    used 6986K, capacity 7433K, committed 7552K, reserved 1048576K
Event: 26.682 GC heap after
Heap after GC invocations=11 (full 2):
 PSYoungGen      total 158208K, used 12784K [0x00000000e0000000, 0x00000000ea780000, 0x0000000100000000)
  eden space 145408K, 0% used [0x00000000e0000000,0x00000000e0000000,0x00000000e8e00000)
  from space 12800K, 99% used [0x00000000e8e00000,0x00000000e9a7c000,0x00000000e9a80000)
  to   space 12288K, 0% used [0x00000000e9a80000,0x00000000e9a80000,0x00000000ea680000)
 ParOldGen       total 97792K, used 29447K [0x00000000a0000000, 0x00000000a5f80000, 0x00000000e0000000)
  object space 97792K, 30% used [0x00000000a0000000,0x00000000a1cc1c58,0x00000000a5f80000)
 Metaspace       used 51986K, capacity 53798K, committed 54144K, reserved 1095680K
  class space    used 6986K, capacity 7433K, committed 7552K, reserved 1048576K
}
Event: 89.552 GC heap before
{Heap before GC invocations=12 (full 2):
 PSYoungGen      total 158208K, used 133028K [0x00000000e0000000, 0x00000000ea780000, 0x0000000100000000)
  eden space 145408K, 82% used [0x00000000e0000000,0x00000000e756d1f0,0x00000000e8e00000)
  from space 12800K, 99% used [0x00000000e8e00000,0x00000000e9a7c000,0x00000000e9a80000)
  to   space 12288K, 0% used [0x00000000e9a80000,0x00000000e9a80000,0x00000000ea680000)
 ParOldGen       total 97792K, used 29447K [0x00000000a0000000, 0x00000000a5f80000, 0x00000000e0000000)
  object space 97792K, 30% used [0x00000000a0000000,0x00000000a1cc1c58,0x00000000a5f80000)
 Metaspace       used 56799K, capacity 58940K, committed 59008K, reserved 1099776K
  class space    used 7590K, capacity 8056K, committed 8064K, reserved 1048576K
Event: 89.632 GC heap after
Heap after GC invocations=12 (full 2):
 PSYoungGen      total 144896K, used 12256K [0x00000000e0000000, 0x00000000ee600000, 0x0000000100000000)
  eden space 132608K, 0% used [0x00000000e0000000,0x00000000e0000000,0x00000000e8180000)
  from space 12288K, 99% used [0x00000000e9a80000,0x00000000ea6781f8,0x00000000ea680000)
  to   space 25600K, 0% used [0x00000000e8180000,0x00000000e8180000,0x00000000e9a80000)
 ParOldGen       total 97792K, used 47201K [0x00000000a0000000, 0x00000000a5f80000, 0x00000000e0000000)
  object space 97792K, 48% used [0x00000000a0000000,0x00000000a2e18558,0x00000000a5f80000)
 Metaspace       used 56799K, capacity 58940K, committed 59008K, reserved 1099776K
  class space    used 7590K, capacity 8056K, committed 8064K, reserved 1048576K
}
Event: 89.632 GC heap before
{Heap before GC invocations=13 (full 3):
 PSYoungGen      total 144896K, used 12256K [0x00000000e0000000, 0x00000000ee600000, 0x0000000100000000)
  eden space 132608K, 0% used [0x00000000e0000000,0x00000000e0000000,0x00000000e8180000)
  from space 12288K, 99% used [0x00000000e9a80000,0x00000000ea6781f8,0x00000000ea680000)
  to   space 25600K, 0% used [0x00000000e8180000,0x00000000e8180000,0x00000000e9a80000)
 ParOldGen       total 97792K, used 47201K [0x00000000a0000000, 0x00000000a5f80000, 0x00000000e0000000)
  object space 97792K, 48% used [0x00000000a0000000,0x00000000a2e18558,0x00000000a5f80000)
 Metaspace       used 56799K, capacity 58940K, committed 59008K, reserved 1099776K
  class space    used 7590K, capacity 8056K, committed 8064K, reserved 1048576K
Event: 90.052 GC heap after
Heap after GC invocations=13 (full 3):
 PSYoungGen      total 144896K, used 0K [0x00000000e0000000, 0x00000000ee600000, 0x0000000100000000)
  eden space 132608K, 0% used [0x00000000e0000000,0x00000000e0000000,0x00000000e8180000)
  from space 12288K, 0% used [0x00000000e9a80000,0x00000000e9a80000,0x00000000ea680000)
  to   space 25600K, 0% used [0x00000000e8180000,0x00000000e8180000,0x00000000e9a80000)
 ParOldGen       total 97792K, used 54817K [0x00000000a0000000, 0x00000000a5f80000, 0x00000000e0000000)
  object space 97792K, 56% used [0x00000000a0000000,0x00000000a35886b0,0x00000000a5f80000)
 Metaspace       used 56773K, capacity 58852K, committed 59008K, reserved 1099776K
  class space    used 7583K, capacity 8048K, committed 8064K, reserved 1048576K
}

