# JRE version: OpenJDK Runtime Environment (8.0_112-b06) (build 1.8.0_112-release-b06)
# Java VM: OpenJDK 64-Bit Server VM (25.112-b06 mixed mode windows-amd64 compressed oops)
Heap:
 PSYoungGen      total 176128K, used 40128K [0x00000000e0000000, 0x00000000ebe80000, 0x0000000100000000)
  eden space 157184K, 13% used [0x00000000e0000000,0x00000000e14b2870,0x00000000e9980000)
  from space 18944K, 99% used [0x00000000e9980000,0x00000000eabfda20,0x00000000eac00000)
  to   space 15872K, 0% used [0x00000000eaf00000,0x00000000eaf00000,0x00000000ebe80000)
 ParOldGen       total 111104K, used 34894K [0x00000000a0000000, 0x00000000a6c80000, 0x00000000e0000000)
  object space 111104K, 31% used [0x00000000a0000000,0x00000000a2213a58,0x00000000a6c80000)
 Metaspace       used 65112K, capacity 67328K, committed 67456K, reserved 1107968K
  class space    used 8311K, capacity 8728K, committed 8832K, reserved 1048576K
GC Heap History (10 events):
Event: 16.243 GC heap before
{Heap before GC invocations=12 (full 2):
 PSYoungGen      total 140288K, used 119159K [0x00000000e0000000, 0x00000000eac00000, 0x0000000100000000)
  eden space 127488K, 83% used [0x00000000e0000000,0x00000000e67ddf10,0x00000000e7c80000)
  from space 12800K, 100% used [0x00000000e7c80000,0x00000000e8900000,0x00000000e8900000)
  to   space 16896K, 0% used [0x00000000e9b80000,0x00000000e9b80000,0x00000000eac00000)
 ParOldGen       total 111104K, used 25359K [0x00000000a0000000, 0x00000000a6c80000, 0x00000000e0000000)
  object space 111104K, 22% used [0x00000000a0000000,0x00000000a18c3c70,0x00000000a6c80000)
 Metaspace       used 57428K, capacity 59102K, committed 59160K, reserved 1099776K
  class space    used 7658K, capacity 8040K, committed 8064K, reserved 1048576K
Event: 16.290 GC heap after
Heap after GC invocations=12 (full 2):
 PSYoungGen      total 156672K, used 16885K [0x00000000e0000000, 0x00000000eb900000, 0x0000000100000000)
  eden space 139776K, 0% used [0x00000000e0000000,0x00000000e0000000,0x00000000e8880000)
  from space 16896K, 99% used [0x00000000e9b80000,0x00000000eabfd510,0x00000000eac00000)
  to   space 19456K, 0% used [0x00000000e8880000,0x00000000e8880000,0x00000000e9b80000)
 ParOldGen       total 111104K, used 26118K [0x00000000a0000000, 0x00000000a6c80000, 0x00000000e0000000)
  object space 111104K, 23% used [0x00000000a0000000,0x00000000a1981af8,0x00000000a6c80000)
 Metaspace       used 57428K, capacity 59102K, committed 59160K, reserved 1099776K
  class space    used 7658K, capacity 8040K, committed 8064K, reserved 1048576K
}
Event: 16.290 GC heap before
{Heap before GC invocations=13 (full 3):
 PSYoungGen      total 156672K, used 16885K [0x00000000e0000000, 0x00000000eb900000, 0x0000000100000000)
  eden space 139776K, 0% used [0x00000000e0000000,0x00000000e0000000,0x00000000e8880000)
  from space 16896K, 99% used [0x00000000e9b80000,0x00000000eabfd510,0x00000000eac00000)
  to   space 19456K, 0% used [0x00000000e8880000,0x00000000e8880000,0x00000000e9b80000)
 ParOldGen       total 111104K, used 26118K [0x00000000a0000000, 0x00000000a6c80000, 0x00000000e0000000)
  object space 111104K, 23% used [0x00000000a0000000,0x00000000a1981af8,0x00000000a6c80000)
 Metaspace       used 57428K, capacity 59102K, committed 59160K, reserved 1099776K
  class space    used 7658K, capacity 8040K, committed 8064K, reserved 1048576K
Event: 16.563 GC heap after
Heap after GC invocations=13 (full 3):
 PSYoungGen      total 156672K, used 0K [0x00000000e0000000, 0x00000000eb900000, 0x0000000100000000)
  eden space 139776K, 0% used [0x00000000e0000000,0x00000000e0000000,0x00000000e8880000)
  from space 16896K, 0% used [0x00000000e9b80000,0x00000000e9b80000,0x00000000eac00000)
  to   space 19456K, 0% used [0x00000000e8880000,0x00000000e8880000,0x00000000e9b80000)
 ParOldGen       total 111104K, used 33827K [0x00000000a0000000, 0x00000000a6c80000, 0x00000000e0000000)
  object space 111104K, 30% used [0x00000000a0000000,0x00000000a2108f30,0x00000000a6c80000)
 Metaspace       used 57426K, capacity 59096K, committed 59160K, reserved 1099776K
  class space    used 7657K, capacity 8039K, committed 8064K, reserved 1048576K
}
Event: 55.468 GC heap before
{Heap before GC invocations=14 (full 3):
 PSYoungGen      total 156672K, used 139776K [0x00000000e0000000, 0x00000000eb900000, 0x0000000100000000)
  eden space 139776K, 100% used [0x00000000e0000000,0x00000000e8880000,0x00000000e8880000)
  from space 16896K, 0% used [0x00000000e9b80000,0x00000000e9b80000,0x00000000eac00000)
  to   space 19456K, 0% used [0x00000000e8880000,0x00000000e8880000,0x00000000e9b80000)
 ParOldGen       total 111104K, used 33827K [0x00000000a0000000, 0x00000000a6c80000, 0x00000000e0000000)
  object space 111104K, 30% used [0x00000000a0000000,0x00000000a2108f30,0x00000000a6c80000)
 Metaspace       used 59734K, capacity 61672K, committed 61952K, reserved 1103872K
  class space    used 7791K, capacity 8167K, committed 8192K, reserved 1048576K
Event: 55.475 GC heap after
Heap after GC invocations=14 (full 3):
 PSYoungGen      total 159232K, used 2830K [0x00000000e0000000, 0x00000000ec280000, 0x0000000100000000)
  eden space 139776K, 0% used [0x00000000e0000000,0x00000000e0000000,0x00000000e8880000)
  from space 19456K, 14% used [0x00000000e8880000,0x00000000e8b43ad8,0x00000000e9b80000)
  to   space 19968K, 0% used [0x00000000eaf00000,0x00000000eaf00000,0x00000000ec280000)
 ParOldGen       total 111104K, used 33835K [0x00000000a0000000, 0x00000000a6c80000, 0x00000000e0000000)
  object space 111104K, 30% used [0x00000000a0000000,0x00000000a210af30,0x00000000a6c80000)
 Metaspace       used 59734K, capacity 61672K, committed 61952K, reserved 1103872K
  class space    used 7791K, capacity 8167K, committed 8192K, reserved 1048576K
}
Event: 58.256 GC heap before
{Heap before GC invocations=15 (full 3):
 PSYoungGen      total 159232K, used 142440K [0x00000000e0000000, 0x00000000ec280000, 0x0000000100000000)
  eden space 139776K, 99% used [0x00000000e0000000,0x00000000e88566c0,0x00000000e8880000)
  from space 19456K, 14% used [0x00000000e8880000,0x00000000e8b43ad8,0x00000000e9b80000)
  to   space 19968K, 0% used [0x00000000eaf00000,0x00000000eaf00000,0x00000000ec280000)
 ParOldGen       total 111104K, used 33835K [0x00000000a0000000, 0x00000000a6c80000, 0x00000000e0000000)
  object space 111104K, 30% used [0x00000000a0000000,0x00000000a210af30,0x00000000a6c80000)
 Metaspace       used 61194K, capacity 63322K, committed 63488K, reserved 1103872K
  class space    used 7942K, capacity 8358K, committed 8448K, reserved 1048576K
Event: 58.270 GC heap after
Heap after GC invocations=15 (full 3):
 PSYoungGen      total 173056K, used 6839K [0x00000000e0000000, 0x00000000ebe80000, 0x0000000100000000)
  eden space 157184K, 0% used [0x00000000e0000000,0x00000000e0000000,0x00000000e9980000)
  from space 15872K, 43% used [0x00000000eaf00000,0x00000000eb5adc08,0x00000000ebe80000)
  to   space 18944K, 0% used [0x00000000e9980000,0x00000000e9980000,0x00000000eac00000)
 ParOldGen       total 111104K, used 33843K [0x00000000a0000000, 0x00000000a6c80000, 0x00000000e0000000)
  object space 111104K, 30% used [0x00000000a0000000,0x00000000a210cf30,0x00000000a6c80000)
 Metaspace       used 61194K, capacity 63322K, committed 63488K, reserved 1103872K
  class space    used 7942K, capacity 8358K, committed 8448K, reserved 1048576K
}
Event: 60.510 GC heap before
{Heap before GC invocations=16 (full 3):
 PSYoungGen      total 173056K, used 164023K [0x00000000e0000000, 0x00000000ebe80000, 0x0000000100000000)
  eden space 157184K, 100% used [0x00000000e0000000,0x00000000e9980000,0x00000000e9980000)
  from space 15872K, 43% used [0x00000000eaf00000,0x00000000eb5adc08,0x00000000ebe80000)
  to   space 18944K, 0% used [0x00000000e9980000,0x00000000e9980000,0x00000000eac00000)
 ParOldGen       total 111104K, used 33843K [0x00000000a0000000, 0x00000000a6c80000, 0x00000000e0000000)
  object space 111104K, 30% used [0x00000000a0000000,0x00000000a210cf30,0x00000000a6c80000)
 Metaspace       used 65032K, capacity 67264K, committed 67456K, reserved 1107968K
  class space    used 8306K, capacity 8728K, committed 8832K, reserved 1048576K
Event: 60.539 GC heap after
Heap after GC invocations=16 (full 3):
 PSYoungGen      total 176128K, used 18934K [0x00000000e0000000, 0x00000000ebe80000, 0x0000000100000000)
  eden space 157184K, 0% used [0x00000000e0000000,0x00000000e0000000,0x00000000e9980000)
  from space 18944K, 99% used [0x00000000e9980000,0x00000000eabfda20,0x00000000eac00000)
  to   space 15872K, 0% used [0x00000000eaf00000,0x00000000eaf00000,0x00000000ebe80000)
 ParOldGen       total 111104K, used 34894K [0x00000000a0000000, 0x00000000a6c80000, 0x00000000e0000000)
  object space 111104K, 31% used [0x00000000a0000000,0x00000000a2213a58,0x00000000a6c80000)
 Metaspace       used 65032K, capacity 67264K, committed 67456K, reserved 1107968K
  class space    used 8306K, capacity 8728K, committed 8832K, reserved 1048576K
}

