# JRE version: OpenJDK Runtime Environment (8.0_112-b06) (build 1.8.0_112-release-b06)
# Java VM: OpenJDK 64-Bit Server VM (25.112-b06 mixed mode windows-amd64 compressed oops)
Heap:
 PSYoungGen      total 173568K, used 152423K [0x00000000e0000000, 0x00000000ec300000, 0x0000000100000000)
  eden space 156672K, 89% used [0x00000000e0000000,0x00000000e88eea50,0x00000000e9900000)
  from space 16896K, 72% used [0x00000000eb280000,0x00000000ebe6b420,0x00000000ec300000)
  to   space 21504K, 0% used [0x00000000e9900000,0x00000000e9900000,0x00000000eae00000)
 ParOldGen       total 103936K, used 35705K [0x00000000a0000000, 0x00000000a6580000, 0x00000000e0000000)
  object space 103936K, 34% used [0x00000000a0000000,0x00000000a22de4b0,0x00000000a6580000)
 Metaspace       used 65626K, capacity 67876K, committed 68096K, reserved 1107968K
  class space    used 8404K, capacity 8848K, committed 8960K, reserved 1048576K
GC Heap History (10 events):
Event: 12.158 GC heap before
{Heap before GC invocations=11 (full 2):
 PSYoungGen      total 142336K, used 142169K [0x00000000e0000000, 0x00000000ea100000, 0x0000000100000000)
  eden space 132096K, 100% used [0x00000000e0000000,0x00000000e8100000,0x00000000e8100000)
  from space 10240K, 98% used [0x00000000e9700000,0x00000000ea0d6558,0x00000000ea100000)
  to   space 12800K, 0% used [0x00000000e8800000,0x00000000e8800000,0x00000000e9480000)
 ParOldGen       total 103936K, used 18108K [0x00000000a0000000, 0x00000000a6580000, 0x00000000e0000000)
  object space 103936K, 17% used [0x00000000a0000000,0x00000000a11af138,0x00000000a6580000)
 Metaspace       used 51935K, capacity 53524K, committed 53888K, reserved 1095680K
  class space    used 7074K, capacity 7433K, committed 7552K, reserved 1048576K
Event: 12.192 GC heap after
Heap after GC invocations=11 (full 2):
 PSYoungGen      total 152064K, used 12768K [0x00000000e0000000, 0x00000000ebf80000, 0x0000000100000000)
  eden space 139264K, 0% used [0x00000000e0000000,0x00000000e0000000,0x00000000e8800000)
  from space 12800K, 99% used [0x00000000e8800000,0x00000000e94781f8,0x00000000e9480000)
  to   space 17408K, 0% used [0x00000000eae80000,0x00000000eae80000,0x00000000ebf80000)
 ParOldGen       total 103936K, used 26128K [0x00000000a0000000, 0x00000000a6580000, 0x00000000e0000000)
  object space 103936K, 25% used [0x00000000a0000000,0x00000000a19840b8,0x00000000a6580000)
 Metaspace       used 51935K, capacity 53524K, committed 53888K, reserved 1095680K
  class space    used 7074K, capacity 7433K, committed 7552K, reserved 1048576K
}
Event: 14.777 GC heap before
{Heap before GC invocations=12 (full 2):
 PSYoungGen      total 152064K, used 101868K [0x00000000e0000000, 0x00000000ebf80000, 0x0000000100000000)
  eden space 139264K, 63% used [0x00000000e0000000,0x00000000e5702e08,0x00000000e8800000)
  from space 12800K, 99% used [0x00000000e8800000,0x00000000e94781f8,0x00000000e9480000)
  to   space 17408K, 0% used [0x00000000eae80000,0x00000000eae80000,0x00000000ebf80000)
 ParOldGen       total 103936K, used 26128K [0x00000000a0000000, 0x00000000a6580000, 0x00000000e0000000)
  object space 103936K, 25% used [0x00000000a0000000,0x00000000a19840b8,0x00000000a6580000)
 Metaspace       used 57354K, capacity 59068K, committed 59160K, reserved 1099776K
  class space    used 7631K, capacity 8019K, committed 8064K, reserved 1048576K
Event: 14.808 GC heap after
Heap after GC invocations=12 (full 2):
 PSYoungGen      total 156672K, used 17396K [0x00000000e0000000, 0x00000000ebf80000, 0x0000000100000000)
  eden space 139264K, 0% used [0x00000000e0000000,0x00000000e0000000,0x00000000e8800000)
  from space 17408K, 99% used [0x00000000eae80000,0x00000000ebf7d010,0x00000000ebf80000)
  to   space 12800K, 0% used [0x00000000e8800000,0x00000000e8800000,0x00000000e9480000)
 ParOldGen       total 103936K, used 33834K [0x00000000a0000000, 0x00000000a6580000, 0x00000000e0000000)
  object space 103936K, 32% used [0x00000000a0000000,0x00000000a210ab10,0x00000000a6580000)
 Metaspace       used 57354K, capacity 59068K, committed 59160K, reserved 1099776K
  class space    used 7631K, capacity 8019K, committed 8064K, reserved 1048576K
}
Event: 14.808 GC heap before
{Heap before GC invocations=13 (full 3):
 PSYoungGen      total 156672K, used 17396K [0x00000000e0000000, 0x00000000ebf80000, 0x0000000100000000)
  eden space 139264K, 0% used [0x00000000e0000000,0x00000000e0000000,0x00000000e8800000)
  from space 17408K, 99% used [0x00000000eae80000,0x00000000ebf7d010,0x00000000ebf80000)
  to   space 12800K, 0% used [0x00000000e8800000,0x00000000e8800000,0x00000000e9480000)
 ParOldGen       total 103936K, used 33834K [0x00000000a0000000, 0x00000000a6580000, 0x00000000e0000000)
  object space 103936K, 32% used [0x00000000a0000000,0x00000000a210ab10,0x00000000a6580000)
 Metaspace       used 57354K, capacity 59068K, committed 59160K, reserved 1099776K
  class space    used 7631K, capacity 8019K, committed 8064K, reserved 1048576K
Event: 15.092 GC heap after
Heap after GC invocations=13 (full 3):
 PSYoungGen      total 156672K, used 0K [0x00000000e0000000, 0x00000000ebf80000, 0x0000000100000000)
  eden space 139264K, 0% used [0x00000000e0000000,0x00000000e0000000,0x00000000e8800000)
  from space 17408K, 0% used [0x00000000eae80000,0x00000000eae80000,0x00000000ebf80000)
  to   space 12800K, 0% used [0x00000000e8800000,0x00000000e8800000,0x00000000e9480000)
 ParOldGen       total 103936K, used 35689K [0x00000000a0000000, 0x00000000a6580000, 0x00000000e0000000)
  object space 103936K, 34% used [0x00000000a0000000,0x00000000a22da4b0,0x00000000a6580000)
 Metaspace       used 57354K, capacity 59068K, committed 59160K, reserved 1099776K
  class space    used 7631K, capacity 8019K, committed 8064K, reserved 1048576K
}
Event: 292.148 GC heap before
{Heap before GC invocations=14 (full 3):
 PSYoungGen      total 156672K, used 139264K [0x00000000e0000000, 0x00000000ebf80000, 0x0000000100000000)
  eden space 139264K, 100% used [0x00000000e0000000,0x00000000e8800000,0x00000000e8800000)
  from space 17408K, 0% used [0x00000000eae80000,0x00000000eae80000,0x00000000ebf80000)
  to   space 12800K, 0% used [0x00000000e8800000,0x00000000e8800000,0x00000000e9480000)
 ParOldGen       total 103936K, used 35689K [0x00000000a0000000, 0x00000000a6580000, 0x00000000e0000000)
  object space 103936K, 34% used [0x00000000a0000000,0x00000000a22da4b0,0x00000000a6580000)
 Metaspace       used 63801K, capacity 65696K, committed 65920K, reserved 1105920K
  class space    used 8317K, capacity 8729K, committed 8832K, reserved 1048576K
Event: 292.155 GC heap after
Heap after GC invocations=14 (full 3):
 PSYoungGen      total 152064K, used 7548K [0x00000000e0000000, 0x00000000ec800000, 0x0000000100000000)
  eden space 139264K, 0% used [0x00000000e0000000,0x00000000e0000000,0x00000000e8800000)
  from space 12800K, 58% used [0x00000000e8800000,0x00000000e8f5f008,0x00000000e9480000)
  to   space 22016K, 0% used [0x00000000eb280000,0x00000000eb280000,0x00000000ec800000)
 ParOldGen       total 103936K, used 35697K [0x00000000a0000000, 0x00000000a6580000, 0x00000000e0000000)
  object space 103936K, 34% used [0x00000000a0000000,0x00000000a22dc4b0,0x00000000a6580000)
 Metaspace       used 63801K, capacity 65696K, committed 65920K, reserved 1105920K
  class space    used 8317K, capacity 8729K, committed 8832K, reserved 1048576K
}
Event: 514.609 GC heap before
{Heap before GC invocations=15 (full 3):
 PSYoungGen      total 152064K, used 146812K [0x00000000e0000000, 0x00000000ec800000, 0x0000000100000000)
  eden space 139264K, 100% used [0x00000000e0000000,0x00000000e8800000,0x00000000e8800000)
  from space 12800K, 58% used [0x00000000e8800000,0x00000000e8f5f008,0x00000000e9480000)
  to   space 22016K, 0% used [0x00000000eb280000,0x00000000eb280000,0x00000000ec800000)
 ParOldGen       total 103936K, used 35697K [0x00000000a0000000, 0x00000000a6580000, 0x00000000e0000000)
  object space 103936K, 34% used [0x00000000a0000000,0x00000000a22dc4b0,0x00000000a6580000)
 Metaspace       used 64946K, capacity 67096K, committed 67200K, reserved 1107968K
  class space    used 8362K, capacity 8800K, committed 8832K, reserved 1048576K
Event: 514.637 GC heap after
Heap after GC invocations=15 (full 3):
 PSYoungGen      total 173568K, used 12205K [0x00000000e0000000, 0x00000000ec300000, 0x0000000100000000)
  eden space 156672K, 0% used [0x00000000e0000000,0x00000000e0000000,0x00000000e9900000)
  from space 16896K, 72% used [0x00000000eb280000,0x00000000ebe6b420,0x00000000ec300000)
  to   space 21504K, 0% used [0x00000000e9900000,0x00000000e9900000,0x00000000eae00000)
 ParOldGen       total 103936K, used 35705K [0x00000000a0000000, 0x00000000a6580000, 0x00000000e0000000)
  object space 103936K, 34% used [0x00000000a0000000,0x00000000a22de4b0,0x00000000a6580000)
 Metaspace       used 64946K, capacity 67096K, committed 67200K, reserved 1107968K
  class space    used 8362K, capacity 8800K, committed 8832K, reserved 1048576K
}

