# JRE version: OpenJDK Runtime Environment (8.0_112-b06) (build 1.8.0_112-release-b06)
# Java VM: OpenJDK 64-Bit Server VM (25.112-b06 mixed mode windows-amd64 compressed oops)
Heap:
 PSYoungGen      total 159232K, used 142318K [0x00000000e0000000, 0x00000000ec380000, 0x0000000100000000)
  eden space 141824K, 93% used [0x00000000e0000000,0x00000000e8196df0,0x00000000e8a80000)
  from space 17408K, 55% used [0x00000000eb280000,0x00000000ebbe4d80,0x00000000ec380000)
  to   space 12800K, 0% used [0x00000000e8a80000,0x00000000e8a80000,0x00000000e9700000)
 ParOldGen       total 102400K, used 61174K [0x00000000a0000000, 0x00000000a6400000, 0x00000000e0000000)
  object space 102400K, 59% used [0x00000000a0000000,0x00000000a3bbd858,0x00000000a6400000)
 Metaspace       used 65057K, capacity 67452K, committed 67712K, reserved 1107968K
  class space    used 8364K, capacity 8799K, committed 8832K, reserved 1048576K
GC Heap History (10 events):
Event: 14.794 GC heap before
{Heap before GC invocations=13 (full 2):
 PSYoungGen      total 159232K, used 159226K [0x00000000e0000000, 0x00000000ec380000, 0x0000000100000000)
  eden space 141824K, 100% used [0x00000000e0000000,0x00000000e8a80000,0x00000000e8a80000)
  from space 17408K, 99% used [0x00000000eb280000,0x00000000ec37e9c8,0x00000000ec380000)
  to   space 12800K, 0% used [0x00000000e8a80000,0x00000000e8a80000,0x00000000e9700000)
 ParOldGen       total 102400K, used 51555K [0x00000000a0000000, 0x00000000a6400000, 0x00000000e0000000)
  object space 102400K, 50% used [0x00000000a0000000,0x00000000a3258eb8,0x00000000a6400000)
 Metaspace       used 53723K, capacity 55362K, committed 55680K, reserved 1097728K
  class space    used 7134K, capacity 7462K, committed 7552K, reserved 1048576K
Event: 14.886 GC heap after
Heap after GC invocations=13 (full 2):
 PSYoungGen      total 154624K, used 12787K [0x00000000e0000000, 0x00000000ec380000, 0x0000000100000000)
  eden space 141824K, 0% used [0x00000000e0000000,0x00000000e0000000,0x00000000e8a80000)
  from space 12800K, 99% used [0x00000000e8a80000,0x00000000e96fcfd0,0x00000000e9700000)
  to   space 17408K, 0% used [0x00000000eb280000,0x00000000eb280000,0x00000000ec380000)
 ParOldGen       total 102400K, used 83973K [0x00000000a0000000, 0x00000000a6400000, 0x00000000e0000000)
  object space 102400K, 82% used [0x00000000a0000000,0x00000000a52016a8,0x00000000a6400000)
 Metaspace       used 53723K, capacity 55362K, committed 55680K, reserved 1097728K
  class space    used 7134K, capacity 7462K, committed 7552K, reserved 1048576K
}
Event: 14.886 GC heap before
{Heap before GC invocations=14 (full 3):
 PSYoungGen      total 154624K, used 12787K [0x00000000e0000000, 0x00000000ec380000, 0x0000000100000000)
  eden space 141824K, 0% used [0x00000000e0000000,0x00000000e0000000,0x00000000e8a80000)
  from space 12800K, 99% used [0x00000000e8a80000,0x00000000e96fcfd0,0x00000000e9700000)
  to   space 17408K, 0% used [0x00000000eb280000,0x00000000eb280000,0x00000000ec380000)
 ParOldGen       total 102400K, used 83973K [0x00000000a0000000, 0x00000000a6400000, 0x00000000e0000000)
  object space 102400K, 82% used [0x00000000a0000000,0x00000000a52016a8,0x00000000a6400000)
 Metaspace       used 53723K, capacity 55362K, committed 55680K, reserved 1097728K
  class space    used 7134K, capacity 7462K, committed 7552K, reserved 1048576K
Event: 15.250 GC heap after
Heap after GC invocations=14 (full 3):
 PSYoungGen      total 154624K, used 0K [0x00000000e0000000, 0x00000000ec380000, 0x0000000100000000)
  eden space 141824K, 0% used [0x00000000e0000000,0x00000000e0000000,0x00000000e8a80000)
  from space 12800K, 0% used [0x00000000e8a80000,0x00000000e8a80000,0x00000000e9700000)
  to   space 17408K, 0% used [0x00000000eb280000,0x00000000eb280000,0x00000000ec380000)
 ParOldGen       total 102400K, used 61150K [0x00000000a0000000, 0x00000000a6400000, 0x00000000e0000000)
  object space 102400K, 59% used [0x00000000a0000000,0x00000000a3bb7858,0x00000000a6400000)
 Metaspace       used 53716K, capacity 55346K, committed 55680K, reserved 1097728K
  class space    used 7132K, capacity 7458K, committed 7552K, reserved 1048576K
}
Event: 54.554 GC heap before
{Heap before GC invocations=15 (full 3):
 PSYoungGen      total 154624K, used 141824K [0x00000000e0000000, 0x00000000ec380000, 0x0000000100000000)
  eden space 141824K, 100% used [0x00000000e0000000,0x00000000e8a80000,0x00000000e8a80000)
  from space 12800K, 0% used [0x00000000e8a80000,0x00000000e8a80000,0x00000000e9700000)
  to   space 17408K, 0% used [0x00000000eb280000,0x00000000eb280000,0x00000000ec380000)
 ParOldGen       total 102400K, used 61150K [0x00000000a0000000, 0x00000000a6400000, 0x00000000e0000000)
  object space 102400K, 59% used [0x00000000a0000000,0x00000000a3bb7858,0x00000000a6400000)
 Metaspace       used 58246K, capacity 60454K, committed 60544K, reserved 1101824K
  class space    used 7624K, capacity 8042K, committed 8064K, reserved 1048576K
Event: 54.569 GC heap after
Heap after GC invocations=15 (full 3):
 PSYoungGen      total 159232K, used 10833K [0x00000000e0000000, 0x00000000ec380000, 0x0000000100000000)
  eden space 141824K, 0% used [0x00000000e0000000,0x00000000e0000000,0x00000000e8a80000)
  from space 17408K, 62% used [0x00000000eb280000,0x00000000ebd144f0,0x00000000ec380000)
  to   space 12800K, 0% used [0x00000000e8a80000,0x00000000e8a80000,0x00000000e9700000)
 ParOldGen       total 102400K, used 61158K [0x00000000a0000000, 0x00000000a6400000, 0x00000000e0000000)
  object space 102400K, 59% used [0x00000000a0000000,0x00000000a3bb9858,0x00000000a6400000)
 Metaspace       used 58246K, capacity 60454K, committed 60544K, reserved 1101824K
  class space    used 7624K, capacity 8042K, committed 8064K, reserved 1048576K
}
Event: 106.579 GC heap before
{Heap before GC invocations=16 (full 3):
 PSYoungGen      total 159232K, used 152657K [0x00000000e0000000, 0x00000000ec380000, 0x0000000100000000)
  eden space 141824K, 100% used [0x00000000e0000000,0x00000000e8a80000,0x00000000e8a80000)
  from space 17408K, 62% used [0x00000000eb280000,0x00000000ebd144f0,0x00000000ec380000)
  to   space 12800K, 0% used [0x00000000e8a80000,0x00000000e8a80000,0x00000000e9700000)
 ParOldGen       total 102400K, used 61158K [0x00000000a0000000, 0x00000000a6400000, 0x00000000e0000000)
  object space 102400K, 59% used [0x00000000a0000000,0x00000000a3bb9858,0x00000000a6400000)
 Metaspace       used 59083K, capacity 61226K, committed 61440K, reserved 1101824K
  class space    used 7656K, capacity 8080K, committed 8192K, reserved 1048576K
Event: 106.591 GC heap after
Heap after GC invocations=16 (full 3):
 PSYoungGen      total 154624K, used 10340K [0x00000000e0000000, 0x00000000ec380000, 0x0000000100000000)
  eden space 141824K, 0% used [0x00000000e0000000,0x00000000e0000000,0x00000000e8a80000)
  from space 12800K, 80% used [0x00000000e8a80000,0x00000000e9499090,0x00000000e9700000)
  to   space 17408K, 0% used [0x00000000eb280000,0x00000000eb280000,0x00000000ec380000)
 ParOldGen       total 102400K, used 61166K [0x00000000a0000000, 0x00000000a6400000, 0x00000000e0000000)
  object space 102400K, 59% used [0x00000000a0000000,0x00000000a3bbb858,0x00000000a6400000)
 Metaspace       used 59083K, capacity 61226K, committed 61440K, reserved 1101824K
  class space    used 7656K, capacity 8080K, committed 8192K, reserved 1048576K
}
Event: 106.637 GC heap before
{Heap before GC invocations=17 (full 3):
 PSYoungGen      total 154624K, used 151820K [0x00000000e0000000, 0x00000000ec380000, 0x0000000100000000)
  eden space 141824K, 99% used [0x00000000e0000000,0x00000000e8a2a0c8,0x00000000e8a80000)
  from space 12800K, 80% used [0x00000000e8a80000,0x00000000e9499090,0x00000000e9700000)
  to   space 17408K, 0% used [0x00000000eb280000,0x00000000eb280000,0x00000000ec380000)
 ParOldGen       total 102400K, used 61166K [0x00000000a0000000, 0x00000000a6400000, 0x00000000e0000000)
  object space 102400K, 59% used [0x00000000a0000000,0x00000000a3bbb858,0x00000000a6400000)
 Metaspace       used 59104K, capacity 61294K, committed 61440K, reserved 1101824K
  class space    used 7657K, capacity 8082K, committed 8192K, reserved 1048576K
Event: 106.649 GC heap after
Heap after GC invocations=17 (full 3):
 PSYoungGen      total 159232K, used 9619K [0x00000000e0000000, 0x00000000ec380000, 0x0000000100000000)
  eden space 141824K, 0% used [0x00000000e0000000,0x00000000e0000000,0x00000000e8a80000)
  from space 17408K, 55% used [0x00000000eb280000,0x00000000ebbe4d80,0x00000000ec380000)
  to   space 12800K, 0% used [0x00000000e8a80000,0x00000000e8a80000,0x00000000e9700000)
 ParOldGen       total 102400K, used 61174K [0x00000000a0000000, 0x00000000a6400000, 0x00000000e0000000)
  object space 102400K, 59% used [0x00000000a0000000,0x00000000a3bbd858,0x00000000a6400000)
 Metaspace       used 59104K, capacity 61294K, committed 61440K, reserved 1101824K
  class space    used 7657K, capacity 8082K, committed 8192K, reserved 1048576K
}

