# JRE version: OpenJDK Runtime Environment (8.0_112-b06) (build 1.8.0_112-release-b06)
# Java VM: OpenJDK 64-Bit Server VM (25.112-b06 mixed mode windows-amd64 compressed oops)
Heap:
 PSYoungGen      total 176128K, used 132967K [0x00000000e0000000, 0x00000000ed300000, 0x0000000100000000)
  eden space 156672K, 84% used [0x00000000e0000000,0x00000000e81d9e28,0x00000000e9900000)
  from space 19456K, 0% used [0x00000000eaf00000,0x00000000eaf00000,0x00000000ec200000)
  to   space 22528K, 0% used [0x00000000e9900000,0x00000000e9900000,0x00000000eaf00000)
 ParOldGen       total 104448K, used 43491K [0x00000000a0000000, 0x00000000a6600000, 0x00000000e0000000)
  object space 104448K, 41% used [0x00000000a0000000,0x00000000a2a78ec8,0x00000000a6600000)
 Metaspace       used 59732K, capacity 62034K, committed 62208K, reserved 1103872K
  class space    used 7755K, capacity 8173K, committed 8192K, reserved 1048576K
GC Heap History (10 events):
Event: 9.529 GC heap before
{Heap before GC invocations=9 (full 2):
 PSYoungGen      total 107008K, used 10731K [0x00000000e0000000, 0x00000000ea580000, 0x0000000100000000)
  eden space 96256K, 0% used [0x00000000e0000000,0x00000000e0000000,0x00000000e5e00000)
  from space 10752K, 99% used [0x00000000e5e00000,0x00000000e687ace8,0x00000000e6880000)
  to   space 12288K, 0% used [0x00000000e9980000,0x00000000e9980000,0x00000000ea580000)
 ParOldGen       total 65024K, used 13474K [0x00000000a0000000, 0x00000000a3f80000, 0x00000000e0000000)
  object space 65024K, 20% used [0x00000000a0000000,0x00000000a0d28958,0x00000000a3f80000)
 Metaspace       used 34833K, capacity 35388K, committed 35496K, reserved 1079296K
  class space    used 4642K, capacity 4822K, committed 4864K, reserved 1048576K
Event: 9.679 GC heap after
Heap after GC invocations=9 (full 2):
 PSYoungGen      total 107008K, used 0K [0x00000000e0000000, 0x00000000ea580000, 0x0000000100000000)
  eden space 96256K, 0% used [0x00000000e0000000,0x00000000e0000000,0x00000000e5e00000)
  from space 10752K, 0% used [0x00000000e5e00000,0x00000000e5e00000,0x00000000e6880000)
  to   space 12288K, 0% used [0x00000000e9980000,0x00000000e9980000,0x00000000ea580000)
 ParOldGen       total 104448K, used 18169K [0x00000000a0000000, 0x00000000a6600000, 0x00000000e0000000)
  object space 104448K, 17% used [0x00000000a0000000,0x00000000a11be4f0,0x00000000a6600000)
 Metaspace       used 34833K, capacity 35388K, committed 35496K, reserved 1079296K
  class space    used 4642K, capacity 4822K, committed 4864K, reserved 1048576K
}
Event: 11.355 GC heap before
{Heap before GC invocations=10 (full 2):
 PSYoungGen      total 107008K, used 96256K [0x00000000e0000000, 0x00000000ea580000, 0x0000000100000000)
  eden space 96256K, 100% used [0x00000000e0000000,0x00000000e5e00000,0x00000000e5e00000)
  from space 10752K, 0% used [0x00000000e5e00000,0x00000000e5e00000,0x00000000e6880000)
  to   space 12288K, 0% used [0x00000000e9980000,0x00000000e9980000,0x00000000ea580000)
 ParOldGen       total 104448K, used 18169K [0x00000000a0000000, 0x00000000a6600000, 0x00000000e0000000)
  object space 104448K, 17% used [0x00000000a0000000,0x00000000a11be4f0,0x00000000a6600000)
 Metaspace       used 42440K, capacity 43234K, committed 43392K, reserved 1087488K
  class space    used 5666K, capacity 5898K, committed 6016K, reserved 1048576K
Event: 11.367 GC heap after
Heap after GC invocations=10 (full 2):
 PSYoungGen      total 141312K, used 10217K [0x00000000e0000000, 0x00000000ea380000, 0x0000000100000000)
  eden space 131072K, 0% used [0x00000000e0000000,0x00000000e0000000,0x00000000e8000000)
  from space 10240K, 99% used [0x00000000e9980000,0x00000000ea37a4b0,0x00000000ea380000)
  to   space 12800K, 0% used [0x00000000e8a80000,0x00000000e8a80000,0x00000000e9700000)
 ParOldGen       total 104448K, used 18177K [0x00000000a0000000, 0x00000000a6600000, 0x00000000e0000000)
  object space 104448K, 17% used [0x00000000a0000000,0x00000000a11c04f0,0x00000000a6600000)
 Metaspace       used 42440K, capacity 43234K, committed 43392K, reserved 1087488K
  class space    used 5666K, capacity 5898K, committed 6016K, reserved 1048576K
}
Event: 15.635 GC heap before
{Heap before GC invocations=11 (full 2):
 PSYoungGen      total 141312K, used 141289K [0x00000000e0000000, 0x00000000ea380000, 0x0000000100000000)
  eden space 131072K, 100% used [0x00000000e0000000,0x00000000e8000000,0x00000000e8000000)
  from space 10240K, 99% used [0x00000000e9980000,0x00000000ea37a4b0,0x00000000ea380000)
  to   space 12800K, 0% used [0x00000000e8a80000,0x00000000e8a80000,0x00000000e9700000)
 ParOldGen       total 104448K, used 18177K [0x00000000a0000000, 0x00000000a6600000, 0x00000000e0000000)
  object space 104448K, 17% used [0x00000000a0000000,0x00000000a11c04f0,0x00000000a6600000)
 Metaspace       used 48624K, capacity 50428K, committed 50688K, reserved 1093632K
  class space    used 6492K, capacity 6850K, committed 6912K, reserved 1048576K
Event: 15.690 GC heap after
Heap after GC invocations=11 (full 2):
 PSYoungGen      total 154624K, used 12783K [0x00000000e0000000, 0x00000000ec200000, 0x0000000100000000)
  eden space 141824K, 0% used [0x00000000e0000000,0x00000000e0000000,0x00000000e8a80000)
  from space 12800K, 99% used [0x00000000e8a80000,0x00000000e96fbff0,0x00000000e9700000)
  to   space 19456K, 0% used [0x00000000eaf00000,0x00000000eaf00000,0x00000000ec200000)
 ParOldGen       total 104448K, used 30584K [0x00000000a0000000, 0x00000000a6600000, 0x00000000e0000000)
  object space 104448K, 29% used [0x00000000a0000000,0x00000000a1dde370,0x00000000a6600000)
 Metaspace       used 48624K, capacity 50428K, committed 50688K, reserved 1093632K
  class space    used 6492K, capacity 6850K, committed 6912K, reserved 1048576K
}
Event: 19.891 GC heap before
{Heap before GC invocations=12 (full 2):
 PSYoungGen      total 154624K, used 133298K [0x00000000e0000000, 0x00000000ec200000, 0x0000000100000000)
  eden space 141824K, 84% used [0x00000000e0000000,0x00000000e75b0ac0,0x00000000e8a80000)
  from space 12800K, 99% used [0x00000000e8a80000,0x00000000e96fbff0,0x00000000e9700000)
  to   space 19456K, 0% used [0x00000000eaf00000,0x00000000eaf00000,0x00000000ec200000)
 ParOldGen       total 104448K, used 30584K [0x00000000a0000000, 0x00000000a6600000, 0x00000000e0000000)
  object space 104448K, 29% used [0x00000000a0000000,0x00000000a1dde370,0x00000000a6600000)
 Metaspace       used 57156K, capacity 59042K, committed 59136K, reserved 1099776K
  class space    used 7518K, capacity 7921K, committed 7936K, reserved 1048576K
Event: 19.922 GC heap after
Heap after GC invocations=12 (full 2):
 PSYoungGen      total 176128K, used 19428K [0x00000000e0000000, 0x00000000ed300000, 0x0000000100000000)
  eden space 156672K, 0% used [0x00000000e0000000,0x00000000e0000000,0x00000000e9900000)
  from space 19456K, 99% used [0x00000000eaf00000,0x00000000ec1f9200,0x00000000ec200000)
  to   space 22528K, 0% used [0x00000000e9900000,0x00000000e9900000,0x00000000eaf00000)
 ParOldGen       total 104448K, used 32506K [0x00000000a0000000, 0x00000000a6600000, 0x00000000e0000000)
  object space 104448K, 31% used [0x00000000a0000000,0x00000000a1fbe9a8,0x00000000a6600000)
 Metaspace       used 57156K, capacity 59042K, committed 59136K, reserved 1099776K
  class space    used 7518K, capacity 7921K, committed 7936K, reserved 1048576K
}
Event: 19.923 GC heap before
{Heap before GC invocations=13 (full 3):
 PSYoungGen      total 176128K, used 19428K [0x00000000e0000000, 0x00000000ed300000, 0x0000000100000000)
  eden space 156672K, 0% used [0x00000000e0000000,0x00000000e0000000,0x00000000e9900000)
  from space 19456K, 99% used [0x00000000eaf00000,0x00000000ec1f9200,0x00000000ec200000)
  to   space 22528K, 0% used [0x00000000e9900000,0x00000000e9900000,0x00000000eaf00000)
 ParOldGen       total 104448K, used 32506K [0x00000000a0000000, 0x00000000a6600000, 0x00000000e0000000)
  object space 104448K, 31% used [0x00000000a0000000,0x00000000a1fbe9a8,0x00000000a6600000)
 Metaspace       used 57156K, capacity 59042K, committed 59136K, reserved 1099776K
  class space    used 7518K, capacity 7921K, committed 7936K, reserved 1048576K
Event: 20.256 GC heap after
Heap after GC invocations=13 (full 3):
 PSYoungGen      total 176128K, used 0K [0x00000000e0000000, 0x00000000ed300000, 0x0000000100000000)
  eden space 156672K, 0% used [0x00000000e0000000,0x00000000e0000000,0x00000000e9900000)
  from space 19456K, 0% used [0x00000000eaf00000,0x00000000eaf00000,0x00000000ec200000)
  to   space 22528K, 0% used [0x00000000e9900000,0x00000000e9900000,0x00000000eaf00000)
 ParOldGen       total 104448K, used 43491K [0x00000000a0000000, 0x00000000a6600000, 0x00000000e0000000)
  object space 104448K, 41% used [0x00000000a0000000,0x00000000a2a78ec8,0x00000000a6600000)
 Metaspace       used 57156K, capacity 59042K, committed 59136K, reserved 1099776K
  class space    used 7518K, capacity 7921K, committed 7936K, reserved 1048576K
}

