# JRE version: OpenJDK Runtime Environment (8.0_112-b06) (build 1.8.0_112-release-b06)
# Java VM: OpenJDK 64-Bit Server VM (25.112-b06 mixed mode windows-amd64 compressed oops)
Heap:
 PSYoungGen      total 147968K, used 73571K [0x00000000e0000000, 0x00000000eb700000, 0x0000000100000000)
  eden space 135168K, 44% used [0x00000000e0000000,0x00000000e3b58fe0,0x00000000e8400000)
  from space 12800K, 100% used [0x00000000e8400000,0x00000000e9080000,0x00000000e9080000)
  to   space 17408K, 0% used [0x00000000ea600000,0x00000000ea600000,0x00000000eb700000)
 ParOldGen       total 105984K, used 25748K [0x00000000a0000000, 0x00000000a6780000, 0x00000000e0000000)
  object space 105984K, 24% used [0x00000000a0000000,0x00000000a19250e8,0x00000000a6780000)
 Metaspace       used 55862K, capacity 57562K, committed 57856K, reserved 1099776K
  class space    used 7499K, capacity 7894K, committed 7936K, reserved 1048576K
GC Heap History (10 events):
Event: 6.670 GC heap before
{Heap before GC invocations=7 (full 1):
 PSYoungGen      total 71680K, used 71672K [0x00000000e0000000, 0x00000000e7600000, 0x0000000100000000)
  eden space 66560K, 100% used [0x00000000e0000000,0x00000000e4100000,0x00000000e4100000)
  from space 5120K, 99% used [0x00000000e4100000,0x00000000e45fe0f8,0x00000000e4600000)
  to   space 11264K, 0% used [0x00000000e6b00000,0x00000000e6b00000,0x00000000e7600000)
 ParOldGen       total 64512K, used 12430K [0x00000000a0000000, 0x00000000a3f00000, 0x00000000e0000000)
  object space 64512K, 19% used [0x00000000a0000000,0x00000000a0c238b8,0x00000000a3f00000)
 Metaspace       used 29627K, capacity 30030K, committed 30336K, reserved 1075200K
  class space    used 4006K, capacity 4159K, committed 4224K, reserved 1048576K
Event: 6.680 GC heap after
Heap after GC invocations=7 (full 1):
 PSYoungGen      total 103424K, used 6901K [0x00000000e0000000, 0x00000000e7280000, 0x0000000100000000)
  eden space 95744K, 0% used [0x00000000e0000000,0x00000000e0000000,0x00000000e5d80000)
  from space 7680K, 89% used [0x00000000e6b00000,0x00000000e71bd698,0x00000000e7280000)
  to   space 10752K, 0% used [0x00000000e5d80000,0x00000000e5d80000,0x00000000e6800000)
 ParOldGen       total 64512K, used 12502K [0x00000000a0000000, 0x00000000a3f00000, 0x00000000e0000000)
  object space 64512K, 19% used [0x00000000a0000000,0x00000000a0c358c8,0x00000000a3f00000)
 Metaspace       used 29627K, capacity 30030K, committed 30336K, reserved 1075200K
  class space    used 4006K, capacity 4159K, committed 4224K, reserved 1048576K
}
Event: 7.770 GC heap before
{Heap before GC invocations=8 (full 1):
 PSYoungGen      total 103424K, used 74580K [0x00000000e0000000, 0x00000000e7280000, 0x0000000100000000)
  eden space 95744K, 70% used [0x00000000e0000000,0x00000000e4217a30,0x00000000e5d80000)
  from space 7680K, 89% used [0x00000000e6b00000,0x00000000e71bd698,0x00000000e7280000)
  to   space 10752K, 0% used [0x00000000e5d80000,0x00000000e5d80000,0x00000000e6800000)
 ParOldGen       total 64512K, used 12502K [0x00000000a0000000, 0x00000000a3f00000, 0x00000000e0000000)
  object space 64512K, 19% used [0x00000000a0000000,0x00000000a0c358c8,0x00000000a3f00000)
 Metaspace       used 34838K, capacity 35392K, committed 35496K, reserved 1079296K
  class space    used 4641K, capacity 4822K, committed 4864K, reserved 1048576K
Event: 7.786 GC heap after
Heap after GC invocations=8 (full 1):
 PSYoungGen      total 106496K, used 10729K [0x00000000e0000000, 0x00000000e9f80000, 0x0000000100000000)
  eden space 95744K, 0% used [0x00000000e0000000,0x00000000e0000000,0x00000000e5d80000)
  from space 10752K, 99% used [0x00000000e5d80000,0x00000000e67fa5a8,0x00000000e6800000)
  to   space 12288K, 0% used [0x00000000e9380000,0x00000000e9380000,0x00000000e9f80000)
 ParOldGen       total 64512K, used 13427K [0x00000000a0000000, 0x00000000a3f00000, 0x00000000e0000000)
  object space 64512K, 20% used [0x00000000a0000000,0x00000000a0d1cd48,0x00000000a3f00000)
 Metaspace       used 34838K, capacity 35392K, committed 35496K, reserved 1079296K
  class space    used 4641K, capacity 4822K, committed 4864K, reserved 1048576K
}
Event: 7.786 GC heap before
{Heap before GC invocations=9 (full 2):
 PSYoungGen      total 106496K, used 10729K [0x00000000e0000000, 0x00000000e9f80000, 0x0000000100000000)
  eden space 95744K, 0% used [0x00000000e0000000,0x00000000e0000000,0x00000000e5d80000)
  from space 10752K, 99% used [0x00000000e5d80000,0x00000000e67fa5a8,0x00000000e6800000)
  to   space 12288K, 0% used [0x00000000e9380000,0x00000000e9380000,0x00000000e9f80000)
 ParOldGen       total 64512K, used 13427K [0x00000000a0000000, 0x00000000a3f00000, 0x00000000e0000000)
  object space 64512K, 20% used [0x00000000a0000000,0x00000000a0d1cd48,0x00000000a3f00000)
 Metaspace       used 34838K, capacity 35392K, committed 35496K, reserved 1079296K
  class space    used 4641K, capacity 4822K, committed 4864K, reserved 1048576K
Event: 7.926 GC heap after
Heap after GC invocations=9 (full 2):
 PSYoungGen      total 106496K, used 0K [0x00000000e0000000, 0x00000000e9f80000, 0x0000000100000000)
  eden space 95744K, 0% used [0x00000000e0000000,0x00000000e0000000,0x00000000e5d80000)
  from space 10752K, 0% used [0x00000000e5d80000,0x00000000e5d80000,0x00000000e6800000)
  to   space 12288K, 0% used [0x00000000e9380000,0x00000000e9380000,0x00000000e9f80000)
 ParOldGen       total 105984K, used 18131K [0x00000000a0000000, 0x00000000a6780000, 0x00000000e0000000)
  object space 105984K, 17% used [0x00000000a0000000,0x00000000a11b4ca0,0x00000000a6780000)
 Metaspace       used 34838K, capacity 35392K, committed 35496K, reserved 1079296K
  class space    used 4641K, capacity 4822K, committed 4864K, reserved 1048576K
}
Event: 9.494 GC heap before
{Heap before GC invocations=10 (full 2):
 PSYoungGen      total 106496K, used 95744K [0x00000000e0000000, 0x00000000e9f80000, 0x0000000100000000)
  eden space 95744K, 100% used [0x00000000e0000000,0x00000000e5d80000,0x00000000e5d80000)
  from space 10752K, 0% used [0x00000000e5d80000,0x00000000e5d80000,0x00000000e6800000)
  to   space 12288K, 0% used [0x00000000e9380000,0x00000000e9380000,0x00000000e9f80000)
 ParOldGen       total 105984K, used 18131K [0x00000000a0000000, 0x00000000a6780000, 0x00000000e0000000)
  object space 105984K, 17% used [0x00000000a0000000,0x00000000a11b4ca0,0x00000000a6780000)
 Metaspace       used 42440K, capacity 43270K, committed 43520K, reserved 1087488K
  class space    used 5663K, capacity 5866K, committed 5888K, reserved 1048576K
Event: 9.509 GC heap after
Heap after GC invocations=10 (full 2):
 PSYoungGen      total 137216K, used 9718K [0x00000000e0000000, 0x00000000e9d00000, 0x0000000100000000)
  eden space 127488K, 0% used [0x00000000e0000000,0x00000000e0000000,0x00000000e7c80000)
  from space 9728K, 99% used [0x00000000e9380000,0x00000000e9cfd888,0x00000000e9d00000)
  to   space 12800K, 0% used [0x00000000e8400000,0x00000000e8400000,0x00000000e9080000)
 ParOldGen       total 105984K, used 18139K [0x00000000a0000000, 0x00000000a6780000, 0x00000000e0000000)
  object space 105984K, 17% used [0x00000000a0000000,0x00000000a11b6ca0,0x00000000a6780000)
 Metaspace       used 42440K, capacity 43270K, committed 43520K, reserved 1087488K
  class space    used 5663K, capacity 5866K, committed 5888K, reserved 1048576K
}
Event: 12.134 GC heap before
{Heap before GC invocations=11 (full 2):
 PSYoungGen      total 137216K, used 137206K [0x00000000e0000000, 0x00000000e9d00000, 0x0000000100000000)
  eden space 127488K, 100% used [0x00000000e0000000,0x00000000e7c80000,0x00000000e7c80000)
  from space 9728K, 99% used [0x00000000e9380000,0x00000000e9cfd888,0x00000000e9d00000)
  to   space 12800K, 0% used [0x00000000e8400000,0x00000000e8400000,0x00000000e9080000)
 ParOldGen       total 105984K, used 18139K [0x00000000a0000000, 0x00000000a6780000, 0x00000000e0000000)
  object space 105984K, 17% used [0x00000000a0000000,0x00000000a11b6ca0,0x00000000a6780000)
 Metaspace       used 50419K, capacity 52084K, committed 52352K, reserved 1093632K
  class space    used 6853K, capacity 7205K, committed 7296K, reserved 1048576K
Event: 12.164 GC heap after
Heap after GC invocations=11 (full 2):
 PSYoungGen      total 147968K, used 12800K [0x00000000e0000000, 0x00000000eb700000, 0x0000000100000000)
  eden space 135168K, 0% used [0x00000000e0000000,0x00000000e0000000,0x00000000e8400000)
  from space 12800K, 100% used [0x00000000e8400000,0x00000000e9080000,0x00000000e9080000)
  to   space 17408K, 0% used [0x00000000ea600000,0x00000000ea600000,0x00000000eb700000)
 ParOldGen       total 105984K, used 25748K [0x00000000a0000000, 0x00000000a6780000, 0x00000000e0000000)
  object space 105984K, 24% used [0x00000000a0000000,0x00000000a19250e8,0x00000000a6780000)
 Metaspace       used 50419K, capacity 52084K, committed 52352K, reserved 1093632K
  class space    used 6853K, capacity 7205K, committed 7296K, reserved 1048576K
}

