# JRE version: OpenJDK Runtime Environment (8.0_112-b06) (build 1.8.0_112-release-b06)
# Java VM: OpenJDK 64-Bit Server VM (25.112-b06 mixed mode windows-amd64 compressed oops)
Heap:
 PSYoungGen      total 256000K, used 250588K [0x00000000e0000000, 0x00000000f2f80000, 0x0000000100000000)
  eden space 201216K, 97% used [0x00000000e0000000,0x00000000ebf3b938,0x00000000ec480000)
  from space 54784K, 99% used [0x00000000ec480000,0x00000000ef9fb870,0x00000000efa00000)
  to   space 50176K, 0% used [0x00000000efe80000,0x00000000efe80000,0x00000000f2f80000)
 ParOldGen       total 165888K, used 130926K [0x00000000a0000000, 0x00000000aa200000, 0x00000000e0000000)
  object space 165888K, 78% used [0x00000000a0000000,0x00000000a7fdb8d0,0x00000000aa200000)
 Metaspace       used 66920K, capacity 69276K, committed 69376K, reserved 1110016K
  class space    used 8525K, capacity 8952K, committed 8960K, reserved 1048576K
GC Heap History (10 events):
Event: 619.894 GC heap before
{Heap before GC invocations=14 (full 3):
 PSYoungGen      total 171008K, used 153600K [0x00000000e0000000, 0x00000000ec480000, 0x0000000100000000)
  eden space 153600K, 100% used [0x00000000e0000000,0x00000000e9600000,0x00000000e9600000)
  from space 17408K, 0% used [0x00000000ea900000,0x00000000ea900000,0x00000000eba00000)
  to   space 19456K, 0% used [0x00000000e9600000,0x00000000e9600000,0x00000000ea900000)
 ParOldGen       total 165888K, used 37832K [0x00000000a0000000, 0x00000000aa200000, 0x00000000e0000000)
  object space 165888K, 22% used [0x00000000a0000000,0x00000000a24f2170,0x00000000aa200000)
 Metaspace       used 59912K, capacity 61726K, committed 62080K, reserved 1103872K
  class space    used 7839K, capacity 8224K, committed 8320K, reserved 1048576K
Event: 619.906 GC heap after
Heap after GC invocations=14 (full 3):
 PSYoungGen      total 173056K, used 6435K [0x00000000e0000000, 0x00000000ed180000, 0x0000000100000000)
  eden space 153600K, 0% used [0x00000000e0000000,0x00000000e0000000,0x00000000e9600000)
  from space 19456K, 33% used [0x00000000e9600000,0x00000000e9c48fd0,0x00000000ea900000)
  to   space 19456K, 0% used [0x00000000ebe80000,0x00000000ebe80000,0x00000000ed180000)
 ParOldGen       total 165888K, used 37840K [0x00000000a0000000, 0x00000000aa200000, 0x00000000e0000000)
  object space 165888K, 22% used [0x00000000a0000000,0x00000000a24f4170,0x00000000aa200000)
 Metaspace       used 59912K, capacity 61726K, committed 62080K, reserved 1103872K
  class space    used 7839K, capacity 8224K, committed 8320K, reserved 1048576K
}
Event: 622.056 GC heap before
{Heap before GC invocations=15 (full 3):
 PSYoungGen      total 173056K, used 160035K [0x00000000e0000000, 0x00000000ed180000, 0x0000000100000000)
  eden space 153600K, 100% used [0x00000000e0000000,0x00000000e9600000,0x00000000e9600000)
  from space 19456K, 33% used [0x00000000e9600000,0x00000000e9c48fd0,0x00000000ea900000)
  to   space 19456K, 0% used [0x00000000ebe80000,0x00000000ebe80000,0x00000000ed180000)
 ParOldGen       total 165888K, used 37840K [0x00000000a0000000, 0x00000000aa200000, 0x00000000e0000000)
  object space 165888K, 22% used [0x00000000a0000000,0x00000000a24f4170,0x00000000aa200000)
 Metaspace       used 64382K, capacity 66450K, committed 66688K, reserved 1107968K
  class space    used 8305K, capacity 8707K, committed 8832K, reserved 1048576K
Event: 622.112 GC heap after
Heap after GC invocations=15 (full 3):
 PSYoungGen      total 182784K, used 19450K [0x00000000e0000000, 0x00000000eed80000, 0x0000000100000000)
  eden space 163328K, 0% used [0x00000000e0000000,0x00000000e0000000,0x00000000e9f80000)
  from space 19456K, 99% used [0x00000000ebe80000,0x00000000ed17e818,0x00000000ed180000)
  to   space 31744K, 0% used [0x00000000e9f80000,0x00000000e9f80000,0x00000000ebe80000)
 ParOldGen       total 165888K, used 63936K [0x00000000a0000000, 0x00000000aa200000, 0x00000000e0000000)
  object space 165888K, 38% used [0x00000000a0000000,0x00000000a3e70178,0x00000000aa200000)
 Metaspace       used 64382K, capacity 66450K, committed 66688K, reserved 1107968K
  class space    used 8305K, capacity 8707K, committed 8832K, reserved 1048576K
}
Event: 622.841 GC heap before
{Heap before GC invocations=16 (full 3):
 PSYoungGen      total 182784K, used 182778K [0x00000000e0000000, 0x00000000eed80000, 0x0000000100000000)
  eden space 163328K, 100% used [0x00000000e0000000,0x00000000e9f80000,0x00000000e9f80000)
  from space 19456K, 99% used [0x00000000ebe80000,0x00000000ed17e818,0x00000000ed180000)
  to   space 31744K, 0% used [0x00000000e9f80000,0x00000000e9f80000,0x00000000ebe80000)
 ParOldGen       total 165888K, used 63936K [0x00000000a0000000, 0x00000000aa200000, 0x00000000e0000000)
  object space 165888K, 38% used [0x00000000a0000000,0x00000000a3e70178,0x00000000aa200000)
 Metaspace       used 64447K, capacity 66514K, committed 66688K, reserved 1107968K
  class space    used 8305K, capacity 8707K, committed 8832K, reserved 1048576K
Event: 622.908 GC heap after
Heap after GC invocations=16 (full 3):
 PSYoungGen      total 195072K, used 31714K [0x00000000e0000000, 0x00000000f3180000, 0x0000000100000000)
  eden space 163328K, 0% used [0x00000000e0000000,0x00000000e0000000,0x00000000e9f80000)
  from space 31744K, 99% used [0x00000000e9f80000,0x00000000ebe789f0,0x00000000ebe80000)
  to   space 52224K, 0% used [0x00000000efe80000,0x00000000efe80000,0x00000000f3180000)
 ParOldGen       total 165888K, used 106151K [0x00000000a0000000, 0x00000000aa200000, 0x00000000e0000000)
  object space 165888K, 63% used [0x00000000a0000000,0x00000000a67a9dc8,0x00000000aa200000)
 Metaspace       used 64447K, capacity 66514K, committed 66688K, reserved 1107968K
  class space    used 8305K, capacity 8707K, committed 8832K, reserved 1048576K
}
Event: 1071.148 GC heap before
{Heap before GC invocations=17 (full 3):
 PSYoungGen      total 195072K, used 195042K [0x00000000e0000000, 0x00000000f3180000, 0x0000000100000000)
  eden space 163328K, 100% used [0x00000000e0000000,0x00000000e9f80000,0x00000000e9f80000)
  from space 31744K, 99% used [0x00000000e9f80000,0x00000000ebe789f0,0x00000000ebe80000)
  to   space 52224K, 0% used [0x00000000efe80000,0x00000000efe80000,0x00000000f3180000)
 ParOldGen       total 165888K, used 106151K [0x00000000a0000000, 0x00000000aa200000, 0x00000000e0000000)
  object space 165888K, 63% used [0x00000000a0000000,0x00000000a67a9dc8,0x00000000aa200000)
 Metaspace       used 66295K, capacity 68624K, committed 68864K, reserved 1110016K
  class space    used 8513K, capacity 8930K, committed 8960K, reserved 1048576K
Event: 1071.232 GC heap after
Heap after GC invocations=17 (full 3):
 PSYoungGen      total 251392K, used 34882K [0x00000000e0000000, 0x00000000f2f80000, 0x0000000100000000)
  eden space 201216K, 0% used [0x00000000e0000000,0x00000000e0000000,0x00000000ec480000)
  from space 50176K, 69% used [0x00000000efe80000,0x00000000f2090948,0x00000000f2f80000)
  to   space 54784K, 0% used [0x00000000ec480000,0x00000000ec480000,0x00000000efa00000)
 ParOldGen       total 165888K, used 106159K [0x00000000a0000000, 0x00000000aa200000, 0x00000000e0000000)
  object space 165888K, 63% used [0x00000000a0000000,0x00000000a67abdc8,0x00000000aa200000)
 Metaspace       used 66295K, capacity 68624K, committed 68864K, reserved 1110016K
  class space    used 8513K, capacity 8930K, committed 8960K, reserved 1048576K
}
Event: 1073.598 GC heap before
{Heap before GC invocations=18 (full 3):
 PSYoungGen      total 251392K, used 236098K [0x00000000e0000000, 0x00000000f2f80000, 0x0000000100000000)
  eden space 201216K, 100% used [0x00000000e0000000,0x00000000ec480000,0x00000000ec480000)
  from space 50176K, 69% used [0x00000000efe80000,0x00000000f2090948,0x00000000f2f80000)
  to   space 54784K, 0% used [0x00000000ec480000,0x00000000ec480000,0x00000000efa00000)
 ParOldGen       total 165888K, used 106159K [0x00000000a0000000, 0x00000000aa200000, 0x00000000e0000000)
  object space 165888K, 63% used [0x00000000a0000000,0x00000000a67abdc8,0x00000000aa200000)
 Metaspace       used 66808K, capacity 69144K, committed 69376K, reserved 1110016K
  class space    used 8525K, capacity 8952K, committed 8960K, reserved 1048576K
Event: 1073.721 GC heap after
Heap after GC invocations=18 (full 3):
 PSYoungGen      total 256000K, used 54766K [0x00000000e0000000, 0x00000000f2f80000, 0x0000000100000000)
  eden space 201216K, 0% used [0x00000000e0000000,0x00000000e0000000,0x00000000ec480000)
  from space 54784K, 99% used [0x00000000ec480000,0x00000000ef9fb870,0x00000000efa00000)
  to   space 50176K, 0% used [0x00000000efe80000,0x00000000efe80000,0x00000000f2f80000)
 ParOldGen       total 165888K, used 130926K [0x00000000a0000000, 0x00000000aa200000, 0x00000000e0000000)
  object space 165888K, 78% used [0x00000000a0000000,0x00000000a7fdb8d0,0x00000000aa200000)
 Metaspace       used 66808K, capacity 69144K, committed 69376K, reserved 1110016K
  class space    used 8525K, capacity 8952K, committed 8960K, reserved 1048576K
}

