# JRE version: OpenJDK Runtime Environment (8.0_112-b06) (build 1.8.0_112-release-b06)
# Java VM: OpenJDK 64-Bit Server VM (25.112-b06 mixed mode windows-amd64 compressed oops)
Heap:
 PSYoungGen      total 169472K, used 57682K [0x00000000e0000000, 0x00000000ee300000, 0x0000000100000000)
  eden space 148992K, 38% used [0x00000000e0000000,0x00000000e3854b50,0x00000000e9180000)
  from space 20480K, 0% used [0x00000000e9180000,0x00000000e9180000,0x00000000ea580000)
  to   space 22016K, 0% used [0x00000000ecd80000,0x00000000ecd80000,0x00000000ee300000)
 ParOldGen       total 107008K, used 37387K [0x00000000a0000000, 0x00000000a6880000, 0x00000000e0000000)
  object space 107008K, 34% used [0x00000000a0000000,0x00000000a2482c50,0x00000000a6880000)
 Metaspace       used 58681K, capacity 60628K, committed 60928K, reserved 1101824K
  class space    used 7705K, capacity 8111K, committed 8192K, reserved 1048576K
GC Heap History (10 events):
Event: 10.369 GC heap before
{Heap before GC invocations=10 (full 2):
 PSYoungGen      total 105472K, used 94720K [0x00000000e0000000, 0x00000000ea100000, 0x0000000100000000)
  eden space 94720K, 100% used [0x00000000e0000000,0x00000000e5c80000,0x00000000e5c80000)
  from space 10752K, 0% used [0x00000000e5c80000,0x00000000e5c80000,0x00000000e6700000)
  to   space 12288K, 0% used [0x00000000e9500000,0x00000000e9500000,0x00000000ea100000)
 ParOldGen       total 107008K, used 18072K [0x00000000a0000000, 0x00000000a6880000, 0x00000000e0000000)
  object space 107008K, 16% used [0x00000000a0000000,0x00000000a11a6220,0x00000000a6880000)
 Metaspace       used 42491K, capacity 43270K, committed 43520K, reserved 1087488K
  class space    used 5664K, capacity 5866K, committed 5888K, reserved 1048576K
Event: 10.385 GC heap after
Heap after GC invocations=10 (full 2):
 PSYoungGen      total 137216K, used 9900K [0x00000000e0000000, 0x00000000e9f00000, 0x0000000100000000)
  eden space 126976K, 0% used [0x00000000e0000000,0x00000000e0000000,0x00000000e7c00000)
  from space 10240K, 96% used [0x00000000e9500000,0x00000000e9eab228,0x00000000e9f00000)
  to   space 12800K, 0% used [0x00000000e8600000,0x00000000e8600000,0x00000000e9280000)
 ParOldGen       total 107008K, used 18080K [0x00000000a0000000, 0x00000000a6880000, 0x00000000e0000000)
  object space 107008K, 16% used [0x00000000a0000000,0x00000000a11a8220,0x00000000a6880000)
 Metaspace       used 42491K, capacity 43270K, committed 43520K, reserved 1087488K
  class space    used 5664K, capacity 5866K, committed 5888K, reserved 1048576K
}
Event: 13.042 GC heap before
{Heap before GC invocations=11 (full 2):
 PSYoungGen      total 137216K, used 136876K [0x00000000e0000000, 0x00000000e9f00000, 0x0000000100000000)
  eden space 126976K, 100% used [0x00000000e0000000,0x00000000e7c00000,0x00000000e7c00000)
  from space 10240K, 96% used [0x00000000e9500000,0x00000000e9eab228,0x00000000e9f00000)
  to   space 12800K, 0% used [0x00000000e8600000,0x00000000e8600000,0x00000000e9280000)
 ParOldGen       total 107008K, used 18080K [0x00000000a0000000, 0x00000000a6880000, 0x00000000e0000000)
  object space 107008K, 16% used [0x00000000a0000000,0x00000000a11a8220,0x00000000a6880000)
 Metaspace       used 50319K, capacity 51942K, committed 52096K, reserved 1093632K
  class space    used 6824K, capacity 7176K, committed 7296K, reserved 1048576K
Event: 13.067 GC heap after
Heap after GC invocations=11 (full 2):
 PSYoungGen      total 150016K, used 12800K [0x00000000e0000000, 0x00000000eb680000, 0x0000000100000000)
  eden space 137216K, 0% used [0x00000000e0000000,0x00000000e0000000,0x00000000e8600000)
  from space 12800K, 100% used [0x00000000e8600000,0x00000000e9280000,0x00000000e9280000)
  to   space 17408K, 0% used [0x00000000ea580000,0x00000000ea580000,0x00000000eb680000)
 ParOldGen       total 107008K, used 25480K [0x00000000a0000000, 0x00000000a6880000, 0x00000000e0000000)
  object space 107008K, 23% used [0x00000000a0000000,0x00000000a18e2060,0x00000000a6880000)
 Metaspace       used 50319K, capacity 51942K, committed 52096K, reserved 1093632K
  class space    used 6824K, capacity 7176K, committed 7296K, reserved 1048576K
}
Event: 15.977 GC heap before
{Heap before GC invocations=12 (full 2):
 PSYoungGen      total 150016K, used 150016K [0x00000000e0000000, 0x00000000eb680000, 0x0000000100000000)
  eden space 137216K, 100% used [0x00000000e0000000,0x00000000e8600000,0x00000000e8600000)
  from space 12800K, 100% used [0x00000000e8600000,0x00000000e9280000,0x00000000e9280000)
  to   space 17408K, 0% used [0x00000000ea580000,0x00000000ea580000,0x00000000eb680000)
 ParOldGen       total 107008K, used 25480K [0x00000000a0000000, 0x00000000a6880000, 0x00000000e0000000)
  object space 107008K, 23% used [0x00000000a0000000,0x00000000a18e2060,0x00000000a6880000)
 Metaspace       used 55384K, capacity 57144K, committed 57472K, reserved 1099776K
  class space    used 7343K, capacity 7727K, committed 7808K, reserved 1048576K
Event: 16.004 GC heap after
Heap after GC invocations=12 (full 2):
 PSYoungGen      total 166400K, used 17404K [0x00000000e0000000, 0x00000000ec800000, 0x0000000100000000)
  eden space 148992K, 0% used [0x00000000e0000000,0x00000000e0000000,0x00000000e9180000)
  from space 17408K, 99% used [0x00000000ea580000,0x00000000eb67f218,0x00000000eb680000)
  to   space 20480K, 0% used [0x00000000e9180000,0x00000000e9180000,0x00000000ea580000)
 ParOldGen       total 107008K, used 28185K [0x00000000a0000000, 0x00000000a6880000, 0x00000000e0000000)
  object space 107008K, 26% used [0x00000000a0000000,0x00000000a1b86440,0x00000000a6880000)
 Metaspace       used 55384K, capacity 57144K, committed 57472K, reserved 1099776K
  class space    used 7343K, capacity 7727K, committed 7808K, reserved 1048576K
}
Event: 16.501 GC heap before
{Heap before GC invocations=13 (full 2):
 PSYoungGen      total 166400K, used 47902K [0x00000000e0000000, 0x00000000ec800000, 0x0000000100000000)
  eden space 148992K, 20% used [0x00000000e0000000,0x00000000e1dc8930,0x00000000e9180000)
  from space 17408K, 99% used [0x00000000ea580000,0x00000000eb67f218,0x00000000eb680000)
  to   space 20480K, 0% used [0x00000000e9180000,0x00000000e9180000,0x00000000ea580000)
 ParOldGen       total 107008K, used 28185K [0x00000000a0000000, 0x00000000a6880000, 0x00000000e0000000)
  object space 107008K, 26% used [0x00000000a0000000,0x00000000a1b86440,0x00000000a6880000)
 Metaspace       used 57220K, capacity 59082K, committed 59160K, reserved 1099776K
  class space    used 7613K, capacity 8020K, committed 8064K, reserved 1048576K
Event: 16.521 GC heap after
Heap after GC invocations=13 (full 2):
 PSYoungGen      total 169472K, used 16843K [0x00000000e0000000, 0x00000000ee300000, 0x0000000100000000)
  eden space 148992K, 0% used [0x00000000e0000000,0x00000000e0000000,0x00000000e9180000)
  from space 20480K, 82% used [0x00000000e9180000,0x00000000ea1f2fd0,0x00000000ea580000)
  to   space 22016K, 0% used [0x00000000ecd80000,0x00000000ecd80000,0x00000000ee300000)
 ParOldGen       total 107008K, used 28193K [0x00000000a0000000, 0x00000000a6880000, 0x00000000e0000000)
  object space 107008K, 26% used [0x00000000a0000000,0x00000000a1b88440,0x00000000a6880000)
 Metaspace       used 57220K, capacity 59082K, committed 59160K, reserved 1099776K
  class space    used 7613K, capacity 8020K, committed 8064K, reserved 1048576K
}
Event: 16.521 GC heap before
{Heap before GC invocations=14 (full 3):
 PSYoungGen      total 169472K, used 16843K [0x00000000e0000000, 0x00000000ee300000, 0x0000000100000000)
  eden space 148992K, 0% used [0x00000000e0000000,0x00000000e0000000,0x00000000e9180000)
  from space 20480K, 82% used [0x00000000e9180000,0x00000000ea1f2fd0,0x00000000ea580000)
  to   space 22016K, 0% used [0x00000000ecd80000,0x00000000ecd80000,0x00000000ee300000)
 ParOldGen       total 107008K, used 28193K [0x00000000a0000000, 0x00000000a6880000, 0x00000000e0000000)
  object space 107008K, 26% used [0x00000000a0000000,0x00000000a1b88440,0x00000000a6880000)
 Metaspace       used 57220K, capacity 59082K, committed 59160K, reserved 1099776K
  class space    used 7613K, capacity 8020K, committed 8064K, reserved 1048576K
Event: 16.779 GC heap after
Heap after GC invocations=14 (full 3):
 PSYoungGen      total 169472K, used 0K [0x00000000e0000000, 0x00000000ee300000, 0x0000000100000000)
  eden space 148992K, 0% used [0x00000000e0000000,0x00000000e0000000,0x00000000e9180000)
  from space 20480K, 0% used [0x00000000e9180000,0x00000000e9180000,0x00000000ea580000)
  to   space 22016K, 0% used [0x00000000ecd80000,0x00000000ecd80000,0x00000000ee300000)
 ParOldGen       total 107008K, used 37387K [0x00000000a0000000, 0x00000000a6880000, 0x00000000e0000000)
  object space 107008K, 34% used [0x00000000a0000000,0x00000000a2482c50,0x00000000a6880000)
 Metaspace       used 57219K, capacity 59076K, committed 59160K, reserved 1099776K
  class space    used 7613K, capacity 8019K, committed 8064K, reserved 1048576K
}

