# JRE version: OpenJDK Runtime Environment (8.0_112-b06) (build 1.8.0_112-release-b06)
# Java VM: OpenJDK 64-Bit Server VM (25.112-b06 mixed mode windows-amd64 compressed oops)
Heap:
 PSYoungGen      total 420864K, used 126314K [0x00000000e0000000, 0x00000000ffa80000, 0x0000000100000000)
  eden space 402432K, 26% used [0x00000000e0000000,0x00000000e6986b78,0x00000000f8900000)
  from space 18432K, 99% used [0x00000000f8900000,0x00000000f9ad3e10,0x00000000f9b00000)
  to   space 57856K, 0% used [0x00000000fc200000,0x00000000fc200000,0x00000000ffa80000)
 ParOldGen       total 239616K, used 188992K [0x00000000a0000000, 0x00000000aea00000, 0x00000000e0000000)
  object space 239616K, 78% used [0x00000000a0000000,0x00000000ab890130,0x00000000aea00000)
 Metaspace       used 89664K, capacity 99514K, committed 99712K, reserved 1136640K
  class space    used 11284K, capacity 12411K, committed 12416K, reserved 1048576K
GC Heap History (10 events):
Event: 2648.890 GC heap before
{Heap before GC invocations=53 (full 6):
 PSYoungGen      total 461824K, used 412960K [0x00000000e0000000, 0x00000000fff00000, 0x0000000100000000)
  eden space 399872K, 100% used [0x00000000e0000000,0x00000000f8680000,0x00000000f8680000)
  from space 61952K, 21% used [0x00000000fc200000,0x00000000fcec8310,0x00000000ffe80000)
  to   space 60928K, 0% used [0x00000000f8680000,0x00000000f8680000,0x00000000fc200000)
 ParOldGen       total 239616K, used 174033K [0x00000000a0000000, 0x00000000aea00000, 0x00000000e0000000)
  object space 239616K, 72% used [0x00000000a0000000,0x00000000aa9f4690,0x00000000aea00000)
 Metaspace       used 88605K, capacity 97622K, committed 97792K, reserved 1134592K
  class space    used 11131K, capacity 12243K, committed 12288K, reserved 1048576K
Event: 2648.957 GC heap after
Heap after GC invocations=53 (full 6):
 PSYoungGen      total 460800K, used 33275K [0x00000000e0000000, 0x00000000ffd00000, 0x0000000100000000)
  eden space 399872K, 0% used [0x00000000e0000000,0x00000000e0000000,0x00000000f8680000)
  from space 60928K, 54% used [0x00000000f8680000,0x00000000fa6feda8,0x00000000fc200000)
  to   space 59904K, 0% used [0x00000000fc280000,0x00000000fc280000,0x00000000ffd00000)
 ParOldGen       total 239616K, used 186376K [0x00000000a0000000, 0x00000000aea00000, 0x00000000e0000000)
  object space 239616K, 77% used [0x00000000a0000000,0x00000000ab602198,0x00000000aea00000)
 Metaspace       used 88605K, capacity 97622K, committed 97792K, reserved 1134592K
  class space    used 11131K, capacity 12243K, committed 12288K, reserved 1048576K
}
Event: 2712.336 GC heap before
{Heap before GC invocations=54 (full 6):
 PSYoungGen      total 460800K, used 433147K [0x00000000e0000000, 0x00000000ffd00000, 0x0000000100000000)
  eden space 399872K, 100% used [0x00000000e0000000,0x00000000f8680000,0x00000000f8680000)
  from space 60928K, 54% used [0x00000000f8680000,0x00000000fa6feda8,0x00000000fc200000)
  to   space 59904K, 0% used [0x00000000fc280000,0x00000000fc280000,0x00000000ffd00000)
 ParOldGen       total 239616K, used 186376K [0x00000000a0000000, 0x00000000aea00000, 0x00000000e0000000)
  object space 239616K, 77% used [0x00000000a0000000,0x00000000ab602198,0x00000000aea00000)
 Metaspace       used 88853K, capacity 98022K, committed 98048K, reserved 1134592K
  class space    used 11169K, capacity 12285K, committed 12288K, reserved 1048576K
Event: 2712.356 GC heap after
Heap after GC invocations=54 (full 6):
 PSYoungGen      total 460800K, used 3208K [0x00000000e0000000, 0x0000000100000000, 0x0000000100000000)
  eden space 400896K, 0% used [0x00000000e0000000,0x00000000e0000000,0x00000000f8780000)
  from space 59904K, 5% used [0x00000000fc280000,0x00000000fc5a2190,0x00000000ffd00000)
  to   space 60416K, 0% used [0x00000000f8780000,0x00000000f8780000,0x00000000fc280000)
 ParOldGen       total 239616K, used 186712K [0x00000000a0000000, 0x00000000aea00000, 0x00000000e0000000)
  object space 239616K, 77% used [0x00000000a0000000,0x00000000ab656028,0x00000000aea00000)
 Metaspace       used 88853K, capacity 98022K, committed 98048K, reserved 1134592K
  class space    used 11169K, capacity 12285K, committed 12288K, reserved 1048576K
}
Event: 2721.419 GC heap before
{Heap before GC invocations=55 (full 6):
 PSYoungGen      total 460800K, used 404104K [0x00000000e0000000, 0x0000000100000000, 0x0000000100000000)
  eden space 400896K, 100% used [0x00000000e0000000,0x00000000f8780000,0x00000000f8780000)
  from space 59904K, 5% used [0x00000000fc280000,0x00000000fc5a2190,0x00000000ffd00000)
  to   space 60416K, 0% used [0x00000000f8780000,0x00000000f8780000,0x00000000fc280000)
 ParOldGen       total 239616K, used 186712K [0x00000000a0000000, 0x00000000aea00000, 0x00000000e0000000)
  object space 239616K, 77% used [0x00000000a0000000,0x00000000ab656028,0x00000000aea00000)
 Metaspace       used 89016K, capacity 98358K, committed 98688K, reserved 1136640K
  class space    used 11189K, capacity 12313K, committed 12416K, reserved 1048576K
Event: 2721.476 GC heap after
Heap after GC invocations=55 (full 6):
 PSYoungGen      total 461312K, used 33496K [0x00000000e0000000, 0x0000000100000000, 0x0000000100000000)
  eden space 400896K, 0% used [0x00000000e0000000,0x00000000e0000000,0x00000000f8780000)
  from space 60416K, 55% used [0x00000000f8780000,0x00000000fa836068,0x00000000fc280000)
  to   space 60416K, 0% used [0x00000000fc500000,0x00000000fc500000,0x0000000100000000)
 ParOldGen       total 239616K, used 188168K [0x00000000a0000000, 0x00000000aea00000, 0x00000000e0000000)
  object space 239616K, 78% used [0x00000000a0000000,0x00000000ab7c2088,0x00000000aea00000)
 Metaspace       used 89016K, capacity 98358K, committed 98688K, reserved 1136640K
  class space    used 11189K, capacity 12313K, committed 12416K, reserved 1048576K
}
Event: 2807.617 GC heap before
{Heap before GC invocations=56 (full 6):
 PSYoungGen      total 461312K, used 434392K [0x00000000e0000000, 0x0000000100000000, 0x0000000100000000)
  eden space 400896K, 100% used [0x00000000e0000000,0x00000000f8780000,0x00000000f8780000)
  from space 60416K, 55% used [0x00000000f8780000,0x00000000fa836068,0x00000000fc280000)
  to   space 60416K, 0% used [0x00000000fc500000,0x00000000fc500000,0x0000000100000000)
 ParOldGen       total 239616K, used 188168K [0x00000000a0000000, 0x00000000aea00000, 0x00000000e0000000)
  object space 239616K, 78% used [0x00000000a0000000,0x00000000ab7c2088,0x00000000aea00000)
 Metaspace       used 89050K, capacity 98386K, committed 98688K, reserved 1136640K
  class space    used 11195K, capacity 12321K, committed 12416K, reserved 1048576K
Event: 2807.627 GC heap after
Heap after GC invocations=56 (full 6):
 PSYoungGen      total 462848K, used 992K [0x00000000e0000000, 0x0000000100000000, 0x0000000100000000)
  eden space 402432K, 0% used [0x00000000e0000000,0x00000000e0000000,0x00000000f8900000)
  from space 60416K, 1% used [0x00000000fc500000,0x00000000fc5f8020,0x0000000100000000)
  to   space 60928K, 0% used [0x00000000f8900000,0x00000000f8900000,0x00000000fc480000)
 ParOldGen       total 239616K, used 188584K [0x00000000a0000000, 0x00000000aea00000, 0x00000000e0000000)
  object space 239616K, 78% used [0x00000000a0000000,0x00000000ab82a098,0x00000000aea00000)
 Metaspace       used 89050K, capacity 98386K, committed 98688K, reserved 1136640K
  class space    used 11195K, capacity 12321K, committed 12416K, reserved 1048576K
}
Event: 2823.036 GC heap before
{Heap before GC invocations=57 (full 6):
 PSYoungGen      total 462848K, used 403424K [0x00000000e0000000, 0x0000000100000000, 0x0000000100000000)
  eden space 402432K, 100% used [0x00000000e0000000,0x00000000f8900000,0x00000000f8900000)
  from space 60416K, 1% used [0x00000000fc500000,0x00000000fc5f8020,0x0000000100000000)
  to   space 60928K, 0% used [0x00000000f8900000,0x00000000f8900000,0x00000000fc480000)
 ParOldGen       total 239616K, used 188584K [0x00000000a0000000, 0x00000000aea00000, 0x00000000e0000000)
  object space 239616K, 78% used [0x00000000a0000000,0x00000000ab82a098,0x00000000aea00000)
 Metaspace       used 89560K, capacity 99268K, committed 99456K, reserved 1136640K
  class space    used 11268K, capacity 12394K, committed 12416K, reserved 1048576K
Event: 2823.077 GC heap after
Heap after GC invocations=57 (full 6):
 PSYoungGen      total 420864K, used 18255K [0x00000000e0000000, 0x00000000ffa80000, 0x0000000100000000)
  eden space 402432K, 0% used [0x00000000e0000000,0x00000000e0000000,0x00000000f8900000)
  from space 18432K, 99% used [0x00000000f8900000,0x00000000f9ad3e10,0x00000000f9b00000)
  to   space 57856K, 0% used [0x00000000fc200000,0x00000000fc200000,0x00000000ffa80000)
 ParOldGen       total 239616K, used 188992K [0x00000000a0000000, 0x00000000aea00000, 0x00000000e0000000)
  object space 239616K, 78% used [0x00000000a0000000,0x00000000ab890130,0x00000000aea00000)
 Metaspace       used 89560K, capacity 99268K, committed 99456K, reserved 1136640K
  class space    used 11268K, capacity 12394K, committed 12416K, reserved 1048576K
}

