# JRE version: OpenJDK Runtime Environment (8.0_112-b06) (build 1.8.0_112-release-b06)
# Java VM: OpenJDK 64-Bit Server VM (25.112-b06 mixed mode windows-amd64 compressed oops)
Heap:
 PSYoungGen      total 174080K, used 102556K [0x00000000e0000000, 0x00000000ed480000, 0x0000000100000000)
  eden space 154112K, 57% used [0x00000000e0000000,0x00000000e570b3a0,0x00000000e9680000)
  from space 19968K, 67% used [0x00000000e9680000,0x00000000ea39bec0,0x00000000eaa00000)
  to   space 19968K, 0% used [0x00000000ec100000,0x00000000ec100000,0x00000000ed480000)
 ParOldGen       total 105984K, used 40434K [0x00000000a0000000, 0x00000000a6780000, 0x00000000e0000000)
  object space 105984K, 38% used [0x00000000a0000000,0x00000000a277c818,0x00000000a6780000)
 Metaspace       used 64591K, capacity 66654K, committed 66944K, reserved 1107968K
  class space    used 8355K, capacity 8764K, committed 8832K, reserved 1048576K
GC Heap History (10 events):
Event: 9.428 GC heap before
{Heap before GC invocations=10 (full 2):
 PSYoungGen      total 102912K, used 92160K [0x00000000e0000000, 0x00000000ea380000, 0x0000000100000000)
  eden space 92160K, 100% used [0x00000000e0000000,0x00000000e5a00000,0x00000000e5a00000)
  from space 10752K, 0% used [0x00000000e5a00000,0x00000000e5a00000,0x00000000e6480000)
  to   space 12288K, 0% used [0x00000000e9780000,0x00000000e9780000,0x00000000ea380000)
 ParOldGen       total 105984K, used 18075K [0x00000000a0000000, 0x00000000a6780000, 0x00000000e0000000)
  object space 105984K, 17% used [0x00000000a0000000,0x00000000a11a6f90,0x00000000a6780000)
 Metaspace       used 42436K, capacity 43224K, committed 43392K, reserved 1087488K
  class space    used 5667K, capacity 5897K, committed 6016K, reserved 1048576K
Event: 9.444 GC heap after
Heap after GC invocations=10 (full 2):
 PSYoungGen      total 139264K, used 9736K [0x00000000e0000000, 0x00000000ea180000, 0x0000000100000000)
  eden space 129024K, 0% used [0x00000000e0000000,0x00000000e0000000,0x00000000e7e00000)
  from space 10240K, 95% used [0x00000000e9780000,0x00000000ea1022b8,0x00000000ea180000)
  to   space 12800K, 0% used [0x00000000e8880000,0x00000000e8880000,0x00000000e9500000)
 ParOldGen       total 105984K, used 18083K [0x00000000a0000000, 0x00000000a6780000, 0x00000000e0000000)
  object space 105984K, 17% used [0x00000000a0000000,0x00000000a11a8f90,0x00000000a6780000)
 Metaspace       used 42436K, capacity 43224K, committed 43392K, reserved 1087488K
  class space    used 5667K, capacity 5897K, committed 6016K, reserved 1048576K
}
Event: 12.068 GC heap before
{Heap before GC invocations=11 (full 2):
 PSYoungGen      total 139264K, used 138760K [0x00000000e0000000, 0x00000000ea180000, 0x0000000100000000)
  eden space 129024K, 100% used [0x00000000e0000000,0x00000000e7e00000,0x00000000e7e00000)
  from space 10240K, 95% used [0x00000000e9780000,0x00000000ea1022b8,0x00000000ea180000)
  to   space 12800K, 0% used [0x00000000e8880000,0x00000000e8880000,0x00000000e9500000)
 ParOldGen       total 105984K, used 18083K [0x00000000a0000000, 0x00000000a6780000, 0x00000000e0000000)
  object space 105984K, 17% used [0x00000000a0000000,0x00000000a11a8f90,0x00000000a6780000)
 Metaspace       used 50351K, capacity 52016K, committed 52352K, reserved 1093632K
  class space    used 6843K, capacity 7205K, committed 7296K, reserved 1048576K
Event: 12.089 GC heap after
Heap after GC invocations=11 (full 2):
 PSYoungGen      total 152576K, used 12771K [0x00000000e0000000, 0x00000000eba80000, 0x0000000100000000)
  eden space 139776K, 0% used [0x00000000e0000000,0x00000000e0000000,0x00000000e8880000)
  from space 12800K, 99% used [0x00000000e8880000,0x00000000e94f8c70,0x00000000e9500000)
  to   space 16896K, 0% used [0x00000000eaa00000,0x00000000eaa00000,0x00000000eba80000)
 ParOldGen       total 105984K, used 25623K [0x00000000a0000000, 0x00000000a6780000, 0x00000000e0000000)
  object space 105984K, 24% used [0x00000000a0000000,0x00000000a1905e48,0x00000000a6780000)
 Metaspace       used 50351K, capacity 52016K, committed 52352K, reserved 1093632K
  class space    used 6843K, capacity 7205K, committed 7296K, reserved 1048576K
}
Event: 14.383 GC heap before
{Heap before GC invocations=12 (full 2):
 PSYoungGen      total 152576K, used 93601K [0x00000000e0000000, 0x00000000eba80000, 0x0000000100000000)
  eden space 139776K, 57% used [0x00000000e0000000,0x00000000e4eef8b0,0x00000000e8880000)
  from space 12800K, 99% used [0x00000000e8880000,0x00000000e94f8c70,0x00000000e9500000)
  to   space 16896K, 0% used [0x00000000eaa00000,0x00000000eaa00000,0x00000000eba80000)
 ParOldGen       total 105984K, used 25623K [0x00000000a0000000, 0x00000000a6780000, 0x00000000e0000000)
  object space 105984K, 24% used [0x00000000a0000000,0x00000000a1905e48,0x00000000a6780000)
 Metaspace       used 57283K, capacity 59112K, committed 59160K, reserved 1099776K
  class space    used 7659K, capacity 8052K, committed 8064K, reserved 1048576K
Event: 14.410 GC heap after
Heap after GC invocations=12 (full 2):
 PSYoungGen      total 171008K, used 16894K [0x00000000e0000000, 0x00000000ecc80000, 0x0000000100000000)
  eden space 154112K, 0% used [0x00000000e0000000,0x00000000e0000000,0x00000000e9680000)
  from space 16896K, 99% used [0x00000000eaa00000,0x00000000eba7f8d0,0x00000000eba80000)
  to   space 19968K, 0% used [0x00000000e9680000,0x00000000e9680000,0x00000000eaa00000)
 ParOldGen       total 105984K, used 27911K [0x00000000a0000000, 0x00000000a6780000, 0x00000000e0000000)
  object space 105984K, 26% used [0x00000000a0000000,0x00000000a1b41c70,0x00000000a6780000)
 Metaspace       used 57283K, capacity 59112K, committed 59160K, reserved 1099776K
  class space    used 7659K, capacity 8052K, committed 8064K, reserved 1048576K
}
Event: 14.410 GC heap before
{Heap before GC invocations=13 (full 3):
 PSYoungGen      total 171008K, used 16894K [0x00000000e0000000, 0x00000000ecc80000, 0x0000000100000000)
  eden space 154112K, 0% used [0x00000000e0000000,0x00000000e0000000,0x00000000e9680000)
  from space 16896K, 99% used [0x00000000eaa00000,0x00000000eba7f8d0,0x00000000eba80000)
  to   space 19968K, 0% used [0x00000000e9680000,0x00000000e9680000,0x00000000eaa00000)
 ParOldGen       total 105984K, used 27911K [0x00000000a0000000, 0x00000000a6780000, 0x00000000e0000000)
  object space 105984K, 26% used [0x00000000a0000000,0x00000000a1b41c70,0x00000000a6780000)
 Metaspace       used 57283K, capacity 59112K, committed 59160K, reserved 1099776K
  class space    used 7659K, capacity 8052K, committed 8064K, reserved 1048576K
Event: 14.683 GC heap after
Heap after GC invocations=13 (full 3):
 PSYoungGen      total 171008K, used 0K [0x00000000e0000000, 0x00000000ecc80000, 0x0000000100000000)
  eden space 154112K, 0% used [0x00000000e0000000,0x00000000e0000000,0x00000000e9680000)
  from space 16896K, 0% used [0x00000000eaa00000,0x00000000eaa00000,0x00000000eba80000)
  to   space 19968K, 0% used [0x00000000e9680000,0x00000000e9680000,0x00000000eaa00000)
 ParOldGen       total 105984K, used 40426K [0x00000000a0000000, 0x00000000a6780000, 0x00000000e0000000)
  object space 105984K, 38% used [0x00000000a0000000,0x00000000a277a818,0x00000000a6780000)
 Metaspace       used 57273K, capacity 59098K, committed 59160K, reserved 1099776K
  class space    used 7658K, capacity 8050K, committed 8064K, reserved 1048576K
}
Event: 79.427 GC heap before
{Heap before GC invocations=14 (full 3):
 PSYoungGen      total 171008K, used 154112K [0x00000000e0000000, 0x00000000ecc80000, 0x0000000100000000)
  eden space 154112K, 100% used [0x00000000e0000000,0x00000000e9680000,0x00000000e9680000)
  from space 16896K, 0% used [0x00000000eaa00000,0x00000000eaa00000,0x00000000eba80000)
  to   space 19968K, 0% used [0x00000000e9680000,0x00000000e9680000,0x00000000eaa00000)
 ParOldGen       total 105984K, used 40426K [0x00000000a0000000, 0x00000000a6780000, 0x00000000e0000000)
  object space 105984K, 38% used [0x00000000a0000000,0x00000000a277a818,0x00000000a6780000)
 Metaspace       used 63800K, capacity 65808K, committed 65920K, reserved 1105920K
  class space    used 8347K, capacity 8751K, committed 8832K, reserved 1048576K
Event: 79.455 GC heap after
Heap after GC invocations=14 (full 3):
 PSYoungGen      total 174080K, used 13423K [0x00000000e0000000, 0x00000000ed480000, 0x0000000100000000)
  eden space 154112K, 0% used [0x00000000e0000000,0x00000000e0000000,0x00000000e9680000)
  from space 19968K, 67% used [0x00000000e9680000,0x00000000ea39bec0,0x00000000eaa00000)
  to   space 19968K, 0% used [0x00000000ec100000,0x00000000ec100000,0x00000000ed480000)
 ParOldGen       total 105984K, used 40434K [0x00000000a0000000, 0x00000000a6780000, 0x00000000e0000000)
  object space 105984K, 38% used [0x00000000a0000000,0x00000000a277c818,0x00000000a6780000)
 Metaspace       used 63800K, capacity 65808K, committed 65920K, reserved 1105920K
  class space    used 8347K, capacity 8751K, committed 8832K, reserved 1048576K
}

