# JRE version: OpenJDK Runtime Environment (8.0_112-b06) (build 1.8.0_112-release-b06)
# Java VM: OpenJDK 64-Bit Server VM (25.112-b06 mixed mode windows-amd64 compressed oops)
Heap:
 PSYoungGen      total 194048K, used 181012K [0x00000000e0000000, 0x00000000ede00000, 0x0000000100000000)
  eden space 168960K, 96% used [0x00000000e0000000,0x00000000e9fba5b0,0x00000000ea500000)
  from space 25088K, 69% used [0x00000000ec580000,0x00000000ed68ac10,0x00000000ede00000)
  to   space 29184K, 0% used [0x00000000ea500000,0x00000000ea500000,0x00000000ec180000)
 ParOldGen       total 147968K, used 41834K [0x00000000a0000000, 0x00000000a9080000, 0x00000000e0000000)
  object space 147968K, 28% used [0x00000000a0000000,0x00000000a28daab0,0x00000000a9080000)
 Metaspace       used 61846K, capacity 65390K, committed 65664K, reserved 1105920K
  class space    used 8178K, capacity 8811K, committed 8832K, reserved 1048576K
GC Heap History (10 events):
Event: 54.530 GC heap before
{Heap before GC invocations=17 (full 2):
 PSYoungGen      total 129536K, used 129515K [0x00000000e0000000, 0x00000000e9b80000, 0x0000000100000000)
  eden space 110080K, 100% used [0x00000000e0000000,0x00000000e6b80000,0x00000000e6b80000)
  from space 19456K, 99% used [0x00000000e8280000,0x00000000e957afd8,0x00000000e9580000)
  to   space 23552K, 0% used [0x00000000e6b80000,0x00000000e6b80000,0x00000000e8280000)
 ParOldGen       total 103936K, used 31914K [0x00000000a0000000, 0x00000000a6580000, 0x00000000e0000000)
  object space 103936K, 30% used [0x00000000a0000000,0x00000000a1f2aae0,0x00000000a6580000)
 Metaspace       used 56378K, capacity 58910K, committed 59028K, reserved 1099776K
  class space    used 7634K, capacity 8187K, committed 8192K, reserved 1048576K
Event: 54.570 GC heap after
Heap after GC invocations=17 (full 2):
 PSYoungGen      total 133632K, used 23371K [0x00000000e0000000, 0x00000000ebd80000, 0x0000000100000000)
  eden space 110080K, 0% used [0x00000000e0000000,0x00000000e0000000,0x00000000e6b80000)
  from space 23552K, 99% used [0x00000000e6b80000,0x00000000e8252fd8,0x00000000e8280000)
  to   space 27136K, 0% used [0x00000000ea300000,0x00000000ea300000,0x00000000ebd80000)
 ParOldGen       total 103936K, used 31922K [0x00000000a0000000, 0x00000000a6580000, 0x00000000e0000000)
  object space 103936K, 30% used [0x00000000a0000000,0x00000000a1f2cae0,0x00000000a6580000)
 Metaspace       used 56378K, capacity 58910K, committed 59028K, reserved 1099776K
  class space    used 7634K, capacity 8187K, committed 8192K, reserved 1048576K
}
Event: 55.430 GC heap before
{Heap before GC invocations=18 (full 2):
 PSYoungGen      total 133632K, used 47048K [0x00000000e0000000, 0x00000000ebd80000, 0x0000000100000000)
  eden space 110080K, 21% used [0x00000000e0000000,0x00000000e171f1f0,0x00000000e6b80000)
  from space 23552K, 99% used [0x00000000e6b80000,0x00000000e8252fd8,0x00000000e8280000)
  to   space 27136K, 0% used [0x00000000ea300000,0x00000000ea300000,0x00000000ebd80000)
 ParOldGen       total 103936K, used 31922K [0x00000000a0000000, 0x00000000a6580000, 0x00000000e0000000)
  object space 103936K, 30% used [0x00000000a0000000,0x00000000a1f2cae0,0x00000000a6580000)
 Metaspace       used 56444K, capacity 58936K, committed 59028K, reserved 1099776K
  class space    used 7639K, capacity 8192K, committed 8192K, reserved 1048576K
Event: 55.561 GC heap after
Heap after GC invocations=18 (full 2):
 PSYoungGen      total 164864K, used 22523K [0x00000000e0000000, 0x00000000ed500000, 0x0000000100000000)
  eden space 137728K, 0% used [0x00000000e0000000,0x00000000e0000000,0x00000000e8680000)
  from space 27136K, 83% used [0x00000000ea300000,0x00000000eb8fefc8,0x00000000ebd80000)
  to   space 29184K, 0% used [0x00000000e8680000,0x00000000e8680000,0x00000000ea300000)
 ParOldGen       total 103936K, used 31930K [0x00000000a0000000, 0x00000000a6580000, 0x00000000e0000000)
  object space 103936K, 30% used [0x00000000a0000000,0x00000000a1f2eae0,0x00000000a6580000)
 Metaspace       used 56444K, capacity 58936K, committed 59028K, reserved 1099776K
  class space    used 7639K, capacity 8192K, committed 8192K, reserved 1048576K
}
Event: 55.561 GC heap before
{Heap before GC invocations=19 (full 3):
 PSYoungGen      total 164864K, used 22523K [0x00000000e0000000, 0x00000000ed500000, 0x0000000100000000)
  eden space 137728K, 0% used [0x00000000e0000000,0x00000000e0000000,0x00000000e8680000)
  from space 27136K, 83% used [0x00000000ea300000,0x00000000eb8fefc8,0x00000000ebd80000)
  to   space 29184K, 0% used [0x00000000e8680000,0x00000000e8680000,0x00000000ea300000)
 ParOldGen       total 103936K, used 31930K [0x00000000a0000000, 0x00000000a6580000, 0x00000000e0000000)
  object space 103936K, 30% used [0x00000000a0000000,0x00000000a1f2eae0,0x00000000a6580000)
 Metaspace       used 56444K, capacity 58936K, committed 59028K, reserved 1099776K
  class space    used 7639K, capacity 8192K, committed 8192K, reserved 1048576K
Event: 56.608 GC heap after
Heap after GC invocations=19 (full 3):
 PSYoungGen      total 164864K, used 0K [0x00000000e0000000, 0x00000000ed500000, 0x0000000100000000)
  eden space 137728K, 0% used [0x00000000e0000000,0x00000000e0000000,0x00000000e8680000)
  from space 27136K, 0% used [0x00000000ea300000,0x00000000ea300000,0x00000000ebd80000)
  to   space 29184K, 0% used [0x00000000e8680000,0x00000000e8680000,0x00000000ea300000)
 ParOldGen       total 147968K, used 41818K [0x00000000a0000000, 0x00000000a9080000, 0x00000000e0000000)
  object space 147968K, 28% used [0x00000000a0000000,0x00000000a28d6ab0,0x00000000a9080000)
 Metaspace       used 56444K, capacity 58936K, committed 59028K, reserved 1099776K
  class space    used 7639K, capacity 8192K, committed 8192K, reserved 1048576K
}
Event: 74.588 GC heap before
{Heap before GC invocations=20 (full 3):
 PSYoungGen      total 164864K, used 137728K [0x00000000e0000000, 0x00000000ed500000, 0x0000000100000000)
  eden space 137728K, 100% used [0x00000000e0000000,0x00000000e8680000,0x00000000e8680000)
  from space 27136K, 0% used [0x00000000ea300000,0x00000000ea300000,0x00000000ebd80000)
  to   space 29184K, 0% used [0x00000000e8680000,0x00000000e8680000,0x00000000ea300000)
 ParOldGen       total 147968K, used 41818K [0x00000000a0000000, 0x00000000a9080000, 0x00000000e0000000)
  object space 147968K, 28% used [0x00000000a0000000,0x00000000a28d6ab0,0x00000000a9080000)
 Metaspace       used 57662K, capacity 60774K, committed 60928K, reserved 1101824K
  class space    used 7741K, capacity 8367K, committed 8448K, reserved 1048576K
Event: 74.632 GC heap after
Heap after GC invocations=20 (full 3):
 PSYoungGen      total 166912K, used 16963K [0x00000000e0000000, 0x00000000ee200000, 0x0000000100000000)
  eden space 137728K, 0% used [0x00000000e0000000,0x00000000e0000000,0x00000000e8680000)
  from space 29184K, 58% used [0x00000000e8680000,0x00000000e9710f58,0x00000000ea300000)
  to   space 29184K, 0% used [0x00000000ec580000,0x00000000ec580000,0x00000000ee200000)
 ParOldGen       total 147968K, used 41826K [0x00000000a0000000, 0x00000000a9080000, 0x00000000e0000000)
  object space 147968K, 28% used [0x00000000a0000000,0x00000000a28d8ab0,0x00000000a9080000)
 Metaspace       used 57662K, capacity 60774K, committed 60928K, reserved 1101824K
  class space    used 7741K, capacity 8367K, committed 8448K, reserved 1048576K
}
Event: 2942.572 GC heap before
{Heap before GC invocations=21 (full 3):
 PSYoungGen      total 166912K, used 154691K [0x00000000e0000000, 0x00000000ee200000, 0x0000000100000000)
  eden space 137728K, 100% used [0x00000000e0000000,0x00000000e8680000,0x00000000e8680000)
  from space 29184K, 58% used [0x00000000e8680000,0x00000000e9710f58,0x00000000ea300000)
  to   space 29184K, 0% used [0x00000000ec580000,0x00000000ec580000,0x00000000ee200000)
 ParOldGen       total 147968K, used 41826K [0x00000000a0000000, 0x00000000a9080000, 0x00000000e0000000)
  object space 147968K, 28% used [0x00000000a0000000,0x00000000a28d8ab0,0x00000000a9080000)
 Metaspace       used 61196K, capacity 64502K, committed 64640K, reserved 1105920K
  class space    used 8116K, capacity 8751K, committed 8832K, reserved 1048576K
Event: 2942.708 GC heap after
Heap after GC invocations=21 (full 3):
 PSYoungGen      total 194048K, used 17451K [0x00000000e0000000, 0x00000000ede00000, 0x0000000100000000)
  eden space 168960K, 0% used [0x00000000e0000000,0x00000000e0000000,0x00000000ea500000)
  from space 25088K, 69% used [0x00000000ec580000,0x00000000ed68ac10,0x00000000ede00000)
  to   space 29184K, 0% used [0x00000000ea500000,0x00000000ea500000,0x00000000ec180000)
 ParOldGen       total 147968K, used 41834K [0x00000000a0000000, 0x00000000a9080000, 0x00000000e0000000)
  object space 147968K, 28% used [0x00000000a0000000,0x00000000a28daab0,0x00000000a9080000)
 Metaspace       used 61196K, capacity 64502K, committed 64640K, reserved 1105920K
  class space    used 8116K, capacity 8751K, committed 8832K, reserved 1048576K
}

