# JRE version: OpenJDK Runtime Environment (8.0_112-b06) (build 1.8.0_112-release-b06)
# Java VM: OpenJDK 64-Bit Server VM (25.112-b06 mixed mode windows-amd64 compressed oops)
Heap:
 PSYoungGen      total 61440K, used 7962K [0x00000000e0000000, 0x00000000e4600000, 0x0000000100000000)
  eden space 51200K, 3% used [0x00000000e0000000,0x00000000e01cc078,0x00000000e3200000)
  from space 10240K, 59% used [0x00000000e3c00000,0x00000000e41fa8f0,0x00000000e4600000)
  to   space 10240K, 0% used [0x00000000e3200000,0x00000000e3200000,0x00000000e3c00000)
 ParOldGen       total 60928K, used 8620K [0x00000000a0000000, 0x00000000a3b80000, 0x00000000e0000000)
  object space 60928K, 14% used [0x00000000a0000000,0x00000000a086b188,0x00000000a3b80000)
 Metaspace       used 26571K, capacity 27040K, committed 27136K, reserved 1073152K
  class space    used 3654K, capacity 3786K, committed 3840K, reserved 1048576K
GC Heap History (10 events):
Event: 9.008 GC heap before
{Heap before GC invocations=3 (full 0):
 PSYoungGen      total 38400K, used 38399K [0x00000000e0000000, 0x00000000e2a80000, 0x0000000100000000)
  eden space 33280K, 100% used [0x00000000e0000000,0x00000000e2080000,0x00000000e2080000)
  from space 5120K, 99% used [0x00000000e2580000,0x00000000e2a7fda8,0x00000000e2a80000)
  to   space 5120K, 0% used [0x00000000e2080000,0x00000000e2080000,0x00000000e2580000)
 ParOldGen       total 87552K, used 1094K [0x00000000a0000000, 0x00000000a5580000, 0x00000000e0000000)
  object space 87552K, 1% used [0x00000000a0000000,0x00000000a0111b30,0x00000000a5580000)
 Metaspace       used 16482K, capacity 16862K, committed 17024K, reserved 1064960K
  class space    used 2287K, capacity 2432K, committed 2432K, reserved 1048576K
Event: 9.023 GC heap after
Heap after GC invocations=3 (full 0):
 PSYoungGen      total 38400K, used 5102K [0x00000000e0000000, 0x00000000e2a80000, 0x0000000100000000)
  eden space 33280K, 0% used [0x00000000e0000000,0x00000000e0000000,0x00000000e2080000)
  from space 5120K, 99% used [0x00000000e2080000,0x00000000e257ba60,0x00000000e2580000)
  to   space 5120K, 0% used [0x00000000e2580000,0x00000000e2580000,0x00000000e2a80000)
 ParOldGen       total 87552K, used 4091K [0x00000000a0000000, 0x00000000a5580000, 0x00000000e0000000)
  object space 87552K, 4% used [0x00000000a0000000,0x00000000a03feea8,0x00000000a5580000)
 Metaspace       used 16482K, capacity 16862K, committed 17024K, reserved 1064960K
  class space    used 2287K, capacity 2432K, committed 2432K, reserved 1048576K
}
Event: 10.664 GC heap before
{Heap before GC invocations=4 (full 0):
 PSYoungGen      total 38400K, used 25731K [0x00000000e0000000, 0x00000000e2a80000, 0x0000000100000000)
  eden space 33280K, 61% used [0x00000000e0000000,0x00000000e1425450,0x00000000e2080000)
  from space 5120K, 99% used [0x00000000e2080000,0x00000000e257ba60,0x00000000e2580000)
  to   space 5120K, 0% used [0x00000000e2580000,0x00000000e2580000,0x00000000e2a80000)
 ParOldGen       total 87552K, used 4091K [0x00000000a0000000, 0x00000000a5580000, 0x00000000e0000000)
  object space 87552K, 4% used [0x00000000a0000000,0x00000000a03feea8,0x00000000a5580000)
 Metaspace       used 20699K, capacity 21130K, committed 21296K, reserved 1067008K
  class space    used 2789K, capacity 2916K, committed 2944K, reserved 1048576K
Event: 10.757 GC heap after
Heap after GC invocations=4 (full 0):
 PSYoungGen      total 38400K, used 5096K [0x00000000e0000000, 0x00000000e2a80000, 0x0000000100000000)
  eden space 33280K, 0% used [0x00000000e0000000,0x00000000e0000000,0x00000000e2080000)
  from space 5120K, 99% used [0x00000000e2580000,0x00000000e2a7a040,0x00000000e2a80000)
  to   space 5120K, 0% used [0x00000000e2080000,0x00000000e2080000,0x00000000e2580000)
 ParOldGen       total 87552K, used 7771K [0x00000000a0000000, 0x00000000a5580000, 0x00000000e0000000)
  object space 87552K, 8% used [0x00000000a0000000,0x00000000a0796f20,0x00000000a5580000)
 Metaspace       used 20699K, capacity 21130K, committed 21296K, reserved 1067008K
  class space    used 2789K, capacity 2916K, committed 2944K, reserved 1048576K
}
Event: 10.757 GC heap before
{Heap before GC invocations=5 (full 1):
 PSYoungGen      total 38400K, used 5096K [0x00000000e0000000, 0x00000000e2a80000, 0x0000000100000000)
  eden space 33280K, 0% used [0x00000000e0000000,0x00000000e0000000,0x00000000e2080000)
  from space 5120K, 99% used [0x00000000e2580000,0x00000000e2a7a040,0x00000000e2a80000)
  to   space 5120K, 0% used [0x00000000e2080000,0x00000000e2080000,0x00000000e2580000)
 ParOldGen       total 87552K, used 7771K [0x00000000a0000000, 0x00000000a5580000, 0x00000000e0000000)
  object space 87552K, 8% used [0x00000000a0000000,0x00000000a0796f20,0x00000000a5580000)
 Metaspace       used 20699K, capacity 21130K, committed 21296K, reserved 1067008K
  class space    used 2789K, capacity 2916K, committed 2944K, reserved 1048576K
Event: 10.896 GC heap after
Heap after GC invocations=5 (full 1):
 PSYoungGen      total 38400K, used 0K [0x00000000e0000000, 0x00000000e2a80000, 0x0000000100000000)
  eden space 33280K, 0% used [0x00000000e0000000,0x00000000e0000000,0x00000000e2080000)
  from space 5120K, 0% used [0x00000000e2580000,0x00000000e2580000,0x00000000e2a80000)
  to   space 5120K, 0% used [0x00000000e2080000,0x00000000e2080000,0x00000000e2580000)
 ParOldGen       total 60928K, used 8604K [0x00000000a0000000, 0x00000000a3b80000, 0x00000000e0000000)
  object space 60928K, 14% used [0x00000000a0000000,0x00000000a0867188,0x00000000a3b80000)
 Metaspace       used 20699K, capacity 21130K, committed 21296K, reserved 1067008K
  class space    used 2789K, capacity 2916K, committed 2944K, reserved 1048576K
}
Event: 13.740 GC heap before
{Heap before GC invocations=6 (full 1):
 PSYoungGen      total 38400K, used 33280K [0x00000000e0000000, 0x00000000e2a80000, 0x0000000100000000)
  eden space 33280K, 100% used [0x00000000e0000000,0x00000000e2080000,0x00000000e2080000)
  from space 5120K, 0% used [0x00000000e2580000,0x00000000e2580000,0x00000000e2a80000)
  to   space 5120K, 0% used [0x00000000e2080000,0x00000000e2080000,0x00000000e2580000)
 ParOldGen       total 60928K, used 8604K [0x00000000a0000000, 0x00000000a3b80000, 0x00000000e0000000)
  object space 60928K, 14% used [0x00000000a0000000,0x00000000a0867188,0x00000000a3b80000)
 Metaspace       used 23599K, capacity 24044K, committed 24064K, reserved 1071104K
  class space    used 3151K, capacity 3309K, committed 3328K, reserved 1048576K
Event: 13.744 GC heap after
Heap after GC invocations=6 (full 1):
 PSYoungGen      total 38400K, used 3404K [0x00000000e0000000, 0x00000000e4680000, 0x0000000100000000)
  eden space 33280K, 0% used [0x00000000e0000000,0x00000000e0000000,0x00000000e2080000)
  from space 5120K, 66% used [0x00000000e2080000,0x00000000e23d3098,0x00000000e2580000)
  to   space 10752K, 0% used [0x00000000e3c00000,0x00000000e3c00000,0x00000000e4680000)
 ParOldGen       total 60928K, used 8612K [0x00000000a0000000, 0x00000000a3b80000, 0x00000000e0000000)
  object space 60928K, 14% used [0x00000000a0000000,0x00000000a0869188,0x00000000a3b80000)
 Metaspace       used 23599K, capacity 24044K, committed 24064K, reserved 1071104K
  class space    used 3151K, capacity 3309K, committed 3328K, reserved 1048576K
}
Event: 14.528 GC heap before
{Heap before GC invocations=7 (full 1):
 PSYoungGen      total 38400K, used 36684K [0x00000000e0000000, 0x00000000e4680000, 0x0000000100000000)
  eden space 33280K, 100% used [0x00000000e0000000,0x00000000e2080000,0x00000000e2080000)
  from space 5120K, 66% used [0x00000000e2080000,0x00000000e23d3098,0x00000000e2580000)
  to   space 10752K, 0% used [0x00000000e3c00000,0x00000000e3c00000,0x00000000e4680000)
 ParOldGen       total 60928K, used 8612K [0x00000000a0000000, 0x00000000a3b80000, 0x00000000e0000000)
  object space 60928K, 14% used [0x00000000a0000000,0x00000000a0869188,0x00000000a3b80000)
 Metaspace       used 26517K, capacity 26954K, committed 27136K, reserved 1073152K
  class space    used 3646K, capacity 3780K, committed 3840K, reserved 1048576K
Event: 14.541 GC heap after
Heap after GC invocations=7 (full 1):
 PSYoungGen      total 61440K, used 6122K [0x00000000e0000000, 0x00000000e4600000, 0x0000000100000000)
  eden space 51200K, 0% used [0x00000000e0000000,0x00000000e0000000,0x00000000e3200000)
  from space 10240K, 59% used [0x00000000e3c00000,0x00000000e41fa8f0,0x00000000e4600000)
  to   space 10240K, 0% used [0x00000000e3200000,0x00000000e3200000,0x00000000e3c00000)
 ParOldGen       total 60928K, used 8620K [0x00000000a0000000, 0x00000000a3b80000, 0x00000000e0000000)
  object space 60928K, 14% used [0x00000000a0000000,0x00000000a086b188,0x00000000a3b80000)
 Metaspace       used 26517K, capacity 26954K, committed 27136K, reserved 1073152K
  class space    used 3646K, capacity 3780K, committed 3840K, reserved 1048576K
}

